2026-06-07 18:41:36.271 [restartedMain] INFO  c.H.HospitalManagementApplication - Starting HospitalManagementApplication using Java 19.0.2 with PID 25516 (E:\CLINIC-FLOW\INTADM26JFSR004--CLINIC-FLOW\backend\target\classes started by OVIYA in E:\CLINIC-FLOW\INTADM26JFSR004--CLINIC-FLOW\backend)
2026-06-07 18:41:36.288 [restartedMain] DEBUG c.H.HospitalManagementApplication - Running with Spring Boot v4.0.5, Spring v7.0.6
2026-06-07 18:41:36.292 [restartedMain] INFO  c.H.HospitalManagementApplication - No active profile set, falling back to 1 default profile: "default"
2026-06-07 18:41:39.523 [restartedMain] INFO  o.a.coyote.http11.Http11NioProtocol - Initializing ProtocolHandler ["http-nio-8081"]
2026-06-07 18:41:39.529 [restartedMain] INFO  o.a.catalina.core.StandardService - Starting service [Tomcat]
2026-06-07 18:41:39.530 [restartedMain] INFO  o.a.catalina.core.StandardEngine - Starting Servlet engine: [Apache Tomcat/11.0.20]
2026-06-07 18:41:39.721 [restartedMain] INFO  com.zaxxer.hikari.HikariDataSource - HikariPool-1 - Starting...
2026-06-07 18:41:40.369 [restartedMain] INFO  com.zaxxer.hikari.pool.HikariPool - HikariPool-1 - Added connection com.mysql.cj.jdbc.ConnectionImpl@78246c0e
2026-06-07 18:41:40.375 [restartedMain] INFO  com.zaxxer.hikari.HikariDataSource - HikariPool-1 - Start completed.
2026-06-07 18:41:42.010 [restartedMain] WARN  org.hibernate.orm.deprecation - HHH90000025: MySQLDialect does not need to be specified explicitly using 'hibernate.dialect' (remove the property setting and it will be selected by default)
2026-06-07 18:41:44.269 [restartedMain] DEBUG org.hibernate.SQL - create table appointments (appt_id bigint not null auto_increment, created_at datetime(6), department varchar(255), end_at datetime(6), service_type varchar(255), start_at datetime(6), status enum ('CANCELLED','CHECKED_IN','COMPLETED','NO_SHOW','SCHEDULED') not null, clinician_id bigint not null, created_by bigint not null, patient_id bigint not null, primary key (appt_id)) engine=InnoDB
2026-06-07 18:41:44.442 [restartedMain] DEBUG org.hibernate.SQL - create table dispense_record (dispense_id bigint not null auto_increment, dispensed_at datetime(6), notes varchar(255), quantity integer, status enum ('DISPENSED','PARTIALLY_RETURNED','RETURNED') not null, dispensed_by_fk bigint, inventory_id bigint, patient_id bigint not null, rx_id bigint not null, primary key (dispense_id)) engine=InnoDB
2026-06-07 18:41:44.494 [restartedMain] DEBUG org.hibernate.SQL - create table encounters (encounter_id bigint not null auto_increment, chief_complaint varchar(255), diagnoses_json json, end_at datetime(6), notes_json json, orders_json json, prescriptions_json json, signed_at datetime(6), start_at datetime(6), status enum ('CANCELLED','COMPLETED','IN_PROGRESS') not null, visit_type varchar(255), vitals_json json, clinician_id bigint not null, patient_id bigint not null, signed_by bigint, primary key (encounter_id)) engine=InnoDB
2026-06-07 18:41:44.552 [restartedMain] DEBUG org.hibernate.SQL - create table inventory_item (inventory_id bigint not null auto_increment, batch_number varchar(255), cost_price float(53), expiry_date date, location varchar(255), quantity integer, status enum ('EXPIRED','IN_STOCK','LOW_STOCK','OUT_OF_STOCK') not null, unit varchar(255), med_id bigint not null, primary key (inventory_id)) engine=InnoDB
2026-06-07 18:41:44.602 [restartedMain] DEBUG org.hibernate.SQL - create table invoice (invoice_id bigint not null auto_increment, discounts float(53), due_date datetime(6), issued_at datetime(6), line_items_json json, status tinyint check ((status between 0 and 2)), subtotal float(53), taxes float(53), total_amount float(53), encounter_id bigint, patient_id bigint not null, primary key (invoice_id)) engine=InnoDB
2026-06-07 18:41:44.645 [restartedMain] DEBUG org.hibernate.SQL - create table lab_order (lab_order_id bigint not null auto_increment, collected_at datetime(6), result_uri varchar(255), sample_id varchar(255), status enum ('CANCELLED','COLLECTED','CRITICAL_REPORTED','ORDERED','RESULTS_REPORTED') not null, tests_json json, encounter_id bigint, ordered_by_fk bigint, patient_id bigint not null, primary key (lab_order_id)) engine=InnoDB
2026-06-07 18:41:44.686 [restartedMain] DEBUG org.hibernate.SQL - create table lab_result (result_id bigint not null auto_increment, flag enum ('CRITICAL','HIGH','LOW','NORMAL') not null, reference_range_json json, reported_at datetime(6), test_code varchar(255), units varchar(255), value varchar(255), lab_order_id bigint not null, reported_by bigint, primary key (result_id)) engine=InnoDB
2026-06-07 18:41:44.721 [restartedMain] DEBUG org.hibernate.SQL - create table medication_master (med_id bigint not null auto_increment, atc_code varchar(255), code varchar(255) not null, controlled_flag bit, formulation varchar(255), name varchar(255) not null, status enum ('ACTIVE','INACTIVE') not null, strength varchar(255), primary key (med_id)) engine=InnoDB
2026-06-07 18:41:44.753 [restartedMain] DEBUG org.hibernate.SQL - create table patients (patient_id bigint not null auto_increment, address_json json not null, contact_info_json json not null, created_at datetime(6) not null, dob date not null, gender varchar(30) not null, insurance_id varchar(100), mrn varchar(50) not null, name varchar(150) not null, primary_contact varchar(150) not null, status varchar(30) not null, updated_at datetime(6) not null, version bigint not null, primary key (patient_id)) engine=InnoDB
2026-06-07 18:41:44.794 [restartedMain] DEBUG org.hibernate.SQL - create table payment (payment_id bigint not null auto_increment, amount float(53), method varchar(255), paid_at datetime(6), status varchar(255), invoice_id bigint not null, patient_id bigint not null, primary key (payment_id)) engine=InnoDB
2026-06-07 18:41:44.850 [restartedMain] DEBUG org.hibernate.SQL - create table prescriptions (rx_id bigint not null auto_increment, dosage varchar(255), duration_days integer, frequency varchar(255), issued_at datetime(6), notes varchar(255), quantity integer, repeats integer, route varchar(255), status enum ('CANCELLED','DISPENSED','DRAFT','ISSUED') not null, clinician_id bigint not null, encounter_id bigint not null, med_id bigint not null, patient_id bigint not null, primary key (rx_id)) engine=InnoDB
2026-06-07 18:41:44.924 [restartedMain] DEBUG org.hibernate.SQL - create table problem_list (problem_id bigint not null auto_increment, code varchar(255), created_at datetime(6), description varchar(255), onset_date date, status varchar(255), patient_id bigint not null, primary key (problem_id)) engine=InnoDB
2026-06-07 18:41:44.964 [restartedMain] DEBUG org.hibernate.SQL - create table report (report_id bigint not null auto_increment, generated_at datetime(6), metrics_json json, parameters_json json, report_uri varchar(255), scope varchar(255), generated_by_fk bigint, primary key (report_id)) engine=InnoDB
2026-06-07 18:41:45.002 [restartedMain] DEBUG org.hibernate.SQL - create table task (task_id bigint not null auto_increment, completed_at datetime(6), created_at datetime(6), description varchar(255), due_date datetime(6), priority varchar(255), related_entity_id varchar(255), status varchar(255), assigned_to_fk bigint not null, primary key (task_id)) engine=InnoDB
2026-06-07 18:41:45.037 [restartedMain] DEBUG org.hibernate.SQL - create table users (user_id bigint not null auto_increment, created_at datetime(6), email varchar(255) not null, name varchar(255), password varchar(255) not null, phone varchar(255) not null, role enum ('ADMIN','CLINICIAN','CLINIC_MANAGER','COMPLIANCE_OFFICER','FINANCE_OFFICER','LAB_TECHNICIAN','PATIENT','PHARMACIST','RECEPTION'), status varchar(255), updated_at datetime(6), primary key (user_id)) engine=InnoDB
2026-06-07 18:41:45.069 [restartedMain] DEBUG org.hibernate.SQL - alter table medication_master drop index UKsuf598rqm3xd0n3prdvrfcsg1
2026-06-07 18:41:45.137 [restartedMain] DEBUG org.hibernate.SQL - alter table medication_master add constraint UKsuf598rqm3xd0n3prdvrfcsg1 unique (code)
2026-06-07 18:41:45.194 [restartedMain] DEBUG org.hibernate.SQL - create index idx_patients_mrn on patients (mrn)
2026-06-07 18:41:45.246 [restartedMain] DEBUG org.hibernate.SQL - create index idx_patients_name_dob on patients (name, dob)
2026-06-07 18:41:45.293 [restartedMain] DEBUG org.hibernate.SQL - create index idx_patients_primary_contact on patients (primary_contact)
2026-06-07 18:41:45.328 [restartedMain] DEBUG org.hibernate.SQL - create index idx_patients_status on patients (status)
2026-06-07 18:41:45.358 [restartedMain] DEBUG org.hibernate.SQL - alter table patients drop index UKa8hrptt011ep19dudrbxvqe6m
2026-06-07 18:41:45.361 [restartedMain] DEBUG org.hibernate.SQL - alter table patients add constraint UKa8hrptt011ep19dudrbxvqe6m unique (mrn)
2026-06-07 18:41:45.396 [restartedMain] DEBUG org.hibernate.SQL - alter table users drop index UK6dotkott2kjsp8vw4d0m25fb7
2026-06-07 18:41:45.403 [restartedMain] DEBUG org.hibernate.SQL - alter table users add constraint UK6dotkott2kjsp8vw4d0m25fb7 unique (email)
2026-06-07 18:41:45.434 [restartedMain] DEBUG org.hibernate.SQL - alter table users drop index UKdu5v5sr43g5bfnji4vb8hg5s3
2026-06-07 18:41:45.442 [restartedMain] DEBUG org.hibernate.SQL - alter table users add constraint UKdu5v5sr43g5bfnji4vb8hg5s3 unique (phone)
2026-06-07 18:41:45.477 [restartedMain] DEBUG org.hibernate.SQL - alter table appointments add constraint FKjnqpxuwtxh0ls8h45wfiglnux foreign key (clinician_id) references users (user_id)
2026-06-07 18:41:45.619 [restartedMain] DEBUG org.hibernate.SQL - alter table appointments add constraint FKawwine5golv8dq2ltn2ih1kpj foreign key (created_by) references users (user_id)
2026-06-07 18:41:45.745 [restartedMain] DEBUG org.hibernate.SQL - alter table appointments add constraint FK8exap5wmg8kmb1g1rx3by21yt foreign key (patient_id) references patients (patient_id)
2026-06-07 18:41:45.899 [restartedMain] DEBUG org.hibernate.SQL - alter table dispense_record add constraint FK7p4odapofm7qg3pvh7kpqtrfp foreign key (dispensed_by_fk) references users (user_id)
2026-06-07 18:41:46.025 [restartedMain] DEBUG org.hibernate.SQL - alter table dispense_record add constraint FKph6pklx4j0ad96y6capk52or7 foreign key (inventory_id) references inventory_item (inventory_id)
2026-06-07 18:41:46.125 [restartedMain] DEBUG org.hibernate.SQL - alter table dispense_record add constraint FKe9m31k23bwty3maps9ud556mb foreign key (patient_id) references patients (patient_id)
2026-06-07 18:41:46.246 [restartedMain] DEBUG org.hibernate.SQL - alter table dispense_record add constraint FKrjhk7jolbq82k9nld20h0o8a foreign key (rx_id) references prescriptions (rx_id)
2026-06-07 18:41:46.399 [restartedMain] DEBUG org.hibernate.SQL - alter table encounters add constraint FKfgqg2o665aopx7ixjlnmvu06g foreign key (clinician_id) references users (user_id)
2026-06-07 18:41:46.482 [restartedMain] DEBUG org.hibernate.SQL - alter table encounters add constraint FKayk66ui4qce1mg069e4qfykg7 foreign key (patient_id) references patients (patient_id)
2026-06-07 18:41:46.563 [restartedMain] DEBUG org.hibernate.SQL - alter table encounters add constraint FKmr8fbme9tw1ebhmw3p0kpd6gd foreign key (signed_by) references users (user_id)
2026-06-07 18:41:46.645 [restartedMain] DEBUG org.hibernate.SQL - alter table inventory_item add constraint FKeg1vca2j5en64653j8kx9tfvp foreign key (med_id) references medication_master (med_id)
2026-06-07 18:41:46.862 [restartedMain] DEBUG org.hibernate.SQL - alter table invoice add constraint FKie1emixtypfndprsfo4ylr8v4 foreign key (encounter_id) references encounters (encounter_id)
2026-06-07 18:41:46.952 [restartedMain] DEBUG org.hibernate.SQL - alter table invoice add constraint FKlabke9o3jkxks913ts0nm10w6 foreign key (patient_id) references patients (patient_id)
2026-06-07 18:41:47.036 [restartedMain] DEBUG org.hibernate.SQL - alter table lab_order add constraint FKe5khql0jpr8bsto52rnldptx0 foreign key (encounter_id) references encounters (encounter_id)
2026-06-07 18:41:47.121 [restartedMain] DEBUG org.hibernate.SQL - alter table lab_order add constraint FKrbuvlmpgc6ytg355fp38wij1x foreign key (ordered_by_fk) references users (user_id)
2026-06-07 18:41:47.191 [restartedMain] DEBUG org.hibernate.SQL - alter table lab_order add constraint FKgpy6nb3klp6y1hi8v8tg9o10n foreign key (patient_id) references patients (patient_id)
2026-06-07 18:41:47.292 [restartedMain] DEBUG org.hibernate.SQL - alter table lab_result add constraint FK2h3vxksasx9uyvy4hl8o71o8 foreign key (lab_order_id) references lab_order (lab_order_id)
2026-06-07 18:41:47.388 [restartedMain] DEBUG org.hibernate.SQL - alter table lab_result add constraint FKgesu7bmc1m8u0fi8yaj30fw83 foreign key (reported_by) references users (user_id)
2026-06-07 18:41:47.474 [restartedMain] DEBUG org.hibernate.SQL - alter table payment add constraint FKsb24p8f52refbb80qwp4gem9n foreign key (invoice_id) references invoice (invoice_id)
2026-06-07 18:41:47.562 [restartedMain] DEBUG org.hibernate.SQL - alter table payment add constraint FK62whe2g62h9b6irlr8mde8oor foreign key (patient_id) references patients (patient_id)
2026-06-07 18:41:47.653 [restartedMain] DEBUG org.hibernate.SQL - alter table prescriptions add constraint FKixpdq2xcswfd0gxgrsi6brqsk foreign key (clinician_id) references users (user_id)
2026-06-07 18:41:47.760 [restartedMain] DEBUG org.hibernate.SQL - alter table prescriptions add constraint FK5brauc91c7omvqhemvtly1sop foreign key (encounter_id) references encounters (encounter_id)
2026-06-07 18:41:47.863 [restartedMain] DEBUG org.hibernate.SQL - alter table prescriptions add constraint FK918f5sqdmc57vimf4qut87q7x foreign key (med_id) references medication_master (med_id)
2026-06-07 18:41:47.958 [restartedMain] DEBUG org.hibernate.SQL - alter table prescriptions add constraint FKqydyol76jn1o37k1bdbkjgq74 foreign key (patient_id) references patients (patient_id)
2026-06-07 18:41:48.084 [restartedMain] DEBUG org.hibernate.SQL - alter table problem_list add constraint FKllynl1yuxmnk0vrqb7cc4i0rw foreign key (patient_id) references patients (patient_id)
2026-06-07 18:41:48.161 [restartedMain] DEBUG org.hibernate.SQL - alter table report add constraint FK7vntqh4btqpihalxiyr8q0349 foreign key (generated_by_fk) references users (user_id)
2026-06-07 18:41:48.245 [restartedMain] DEBUG org.hibernate.SQL - alter table task add constraint FK7biw9t4o0rug3ssud8cchh3u0 foreign key (assigned_to_fk) references users (user_id)
2026-06-07 18:41:48.850 [restartedMain] DEBUG c.H.config.AuthenticationFilter - Filter 'authenticationFilter' configured for use
2026-06-07 18:41:49.080 [restartedMain] INFO  o.s.s.c.a.a.c.InitializeAuthenticationProviderBeanManagerConfigurer$InitializeAuthenticationProviderManagerConfigurer - Global AuthenticationManager configured with AuthenticationProvider bean with name authenticationProvider
2026-06-07 18:41:49.083 [restartedMain] WARN  o.s.s.c.a.a.c.InitializeUserDetailsBeanManagerConfigurer$InitializeUserDetailsManagerConfigurer - Global AuthenticationManager configured with an AuthenticationProvider bean. UserDetailsService beans will not be used by Spring Security for automatically configuring username/password login. Consider removing the AuthenticationProvider bean. Alternatively, consider using the UserDetailsService in a manually instantiated DaoAuthenticationProvider. If the current configuration is intentional, to turn off this warning, increase the logging level of 'org.springframework.security.config.annotation.authentication.configuration.InitializeUserDetailsBeanManagerConfigurer' to ERROR
2026-06-07 18:41:49.694 [restartedMain] WARN  o.s.b.j.a.JpaBaseConfiguration$JpaWebConfiguration - spring.jpa.open-in-view is enabled by default. Therefore, database queries may be performed during view rendering. Explicitly configure spring.jpa.open-in-view to disable this warning
2026-06-07 18:41:50.296 [restartedMain] WARN  o.s.w.s.m.m.a.RequestMappingHandlerMapping - Multiple @RequestMapping annotations found on public com.HospitalManagement.responsedto.LabOrderResponseDto com.HospitalManagement.controller.LabController.cancelOrder(java.lang.Long), but only the first will be used: [@org.springframework.web.bind.annotation.DeleteMapping(consumes={}, headers={}, name="", params={}, path={"/orders/{labOrderId}"}, produces={}, value={"/orders/{labOrderId}"}, version=""), @org.springframework.web.bind.annotation.PatchMapping(consumes={}, headers={}, name="", params={}, path={"/lab-orders/{labOrderId}/cancel"}, produces={}, value={"/lab-orders/{labOrderId}/cancel"}, version="")]
2026-06-07 18:41:50.836 [restartedMain] INFO  o.a.coyote.http11.Http11NioProtocol - Starting ProtocolHandler ["http-nio-8081"]
2026-06-07 18:41:50.900 [restartedMain] INFO  c.H.HospitalManagementApplication - Started HospitalManagementApplication in 15.644 seconds (process running for 17.451)
2026-06-07 18:41:50.909 [restartedMain] WARN  o.s.c.events.SpringDocAppInitializer - SpringDoc /v3/api-docs endpoint is enabled by default. To disable it in production, set the property 'springdoc.api-docs.enabled=false'
2026-06-07 18:41:50.910 [restartedMain] WARN  o.s.c.events.SpringDocAppInitializer - SpringDoc /swagger-ui.html endpoint is enabled by default. To disable it in production, set the property 'springdoc.swagger-ui.enabled=false'
2026-06-07 21:48:25.416 [HikariPool-1:housekeeper] WARN  com.zaxxer.hikari.pool.HikariPool - HikariPool-1 - Thread starvation or clock leap detected (housekeeper delta=1h36m39s221ms103µs600ns).
2026-06-07 22:19:21.382 [main] INFO  c.H.HospitalManagementApplicationTests - Starting HospitalManagementApplicationTests using Java 19.0.2 with PID 26600 (started by OVIYA in E:\CLINIC-FLOW\INTADM26JFSR004--CLINIC-FLOW\backend)
2026-06-07 22:19:21.390 [main] DEBUG c.H.HospitalManagementApplicationTests - Running with Spring Boot v4.0.5, Spring v7.0.6
2026-06-07 22:19:21.393 [main] INFO  c.H.HospitalManagementApplicationTests - No active profile set, falling back to 1 default profile: "default"
2026-06-07 22:19:25.726 [main] INFO  com.zaxxer.hikari.HikariDataSource - HikariPool-1 - Starting...
2026-06-07 22:19:26.781 [main] INFO  com.zaxxer.hikari.pool.HikariPool - HikariPool-1 - Added connection com.mysql.cj.jdbc.ConnectionImpl@65262308
2026-06-07 22:19:26.784 [main] INFO  com.zaxxer.hikari.HikariDataSource - HikariPool-1 - Start completed.
2026-06-07 22:19:28.315 [main] WARN  org.hibernate.orm.deprecation - HHH90000025: MySQLDialect does not need to be specified explicitly using 'hibernate.dialect' (remove the property setting and it will be selected by default)
2026-06-07 22:19:31.712 [main] INFO  o.s.s.c.a.a.c.InitializeAuthenticationProviderBeanManagerConfigurer$InitializeAuthenticationProviderManagerConfigurer - Global AuthenticationManager configured with AuthenticationProvider bean with name authenticationProvider
2026-06-07 22:19:31.714 [main] WARN  o.s.s.c.a.a.c.InitializeUserDetailsBeanManagerConfigurer$InitializeUserDetailsManagerConfigurer - Global AuthenticationManager configured with an AuthenticationProvider bean. UserDetailsService beans will not be used by Spring Security for automatically configuring username/password login. Consider removing the AuthenticationProvider bean. Alternatively, consider using the UserDetailsService in a manually instantiated DaoAuthenticationProvider. If the current configuration is intentional, to turn off this warning, increase the logging level of 'org.springframework.security.config.annotation.authentication.configuration.InitializeUserDetailsBeanManagerConfigurer' to ERROR
2026-06-07 22:19:34.636 [main] WARN  o.s.b.j.a.JpaBaseConfiguration$JpaWebConfiguration - spring.jpa.open-in-view is enabled by default. Therefore, database queries may be performed during view rendering. Explicitly configure spring.jpa.open-in-view to disable this warning
2026-06-07 22:19:36.311 [main] WARN  o.s.w.s.m.m.a.RequestMappingHandlerMapping - Multiple @RequestMapping annotations found on public com.HospitalManagement.responsedto.LabOrderResponseDto com.HospitalManagement.controller.LabController.cancelOrder(java.lang.Long), but only the first will be used: [@org.springframework.web.bind.annotation.DeleteMapping(consumes={}, headers={}, name="", params={}, path={"/orders/{labOrderId}"}, produces={}, value={"/orders/{labOrderId}"}, version=""), @org.springframework.web.bind.annotation.PatchMapping(consumes={}, headers={}, name="", params={}, path={"/lab-orders/{labOrderId}/cancel"}, produces={}, value={"/lab-orders/{labOrderId}/cancel"}, version="")]
2026-06-07 22:19:37.444 [main] INFO  c.H.HospitalManagementApplicationTests - Started HospitalManagementApplicationTests in 16.58 seconds (process running for 19.119)
2026-06-07 22:19:37.454 [main] WARN  o.s.c.events.SpringDocAppInitializer - SpringDoc /v3/api-docs endpoint is enabled by default. To disable it in production, set the property 'springdoc.api-docs.enabled=false'
2026-06-07 22:19:37.454 [main] WARN  o.s.c.events.SpringDocAppInitializer - SpringDoc /swagger-ui.html endpoint is enabled by default. To disable it in production, set the property 'springdoc.swagger-ui.enabled=false'
2026-06-07 22:19:39.309 [main] INFO  c.H.service.PrescriptionService - Creating prescription for PatientID=1, EncounterID=1
2026-06-07 22:19:39.385 [main] INFO  c.H.service.PrescriptionService - Creating prescription for PatientID=1, EncounterID=1
2026-06-07 22:19:39.410 [main] INFO  c.H.service.PrescriptionService - Updating prescription RxID=1, NewStatus=ISSUED
2026-06-07 22:19:39.434 [main] DEBUG c.H.service.PrescriptionService - Fetching all prescriptions
2026-06-07 22:19:39.477 [main] DEBUG c.H.service.PrescriptionService - Fetching prescription with ID: 1
2026-06-07 22:19:39.573 [main] DEBUG c.H.service.PrescriptionService - Fetching prescription with ID: 1
2026-06-07 22:19:39.624 [main] INFO  c.H.service.PrescriptionService - Creating prescription for PatientID=1, EncounterID=1
2026-06-07 22:19:39.675 [main] INFO  c.H.service.PrescriptionService - Creating prescription for PatientID=1, EncounterID=1
2026-06-07 22:19:39.697 [main] DEBUG c.H.service.PrescriptionService - Fetching prescription with ID: 999
2026-06-07 22:19:39.722 [main] INFO  c.H.service.PrescriptionService - Deleting prescription RxID=1
2026-06-07 22:19:39.737 [main] INFO  c.H.service.PrescriptionService - Creating prescription for PatientID=1, EncounterID=1
2026-06-07 22:19:39.764 [main] DEBUG c.H.service.PrescriptionService - Fetching all prescriptions
2026-06-07 22:19:39.810 [main] INFO  c.H.service.PrescriptionService - Updating prescription RxID=1, NewStatus=ISSUED
2026-06-07 22:19:39.823 [main] INFO  c.H.service.PrescriptionService - Deleting prescription RxID=999
2026-06-07 22:19:39.993 [SpringApplicationShutdownHook] INFO  com.zaxxer.hikari.HikariDataSource - HikariPool-1 - Shutdown initiated...
2026-06-07 22:19:40.023 [SpringApplicationShutdownHook] INFO  com.zaxxer.hikari.HikariDataSource - HikariPool-1 - Shutdown completed.
2026-06-07 22:22:19.906 [main] INFO  c.H.HospitalManagementApplicationTests - Starting HospitalManagementApplicationTests using Java 19.0.2 with PID 25892 (started by OVIYA in E:\CLINIC-FLOW\INTADM26JFSR004--CLINIC-FLOW\backend)
2026-06-07 22:22:19.916 [main] DEBUG c.H.HospitalManagementApplicationTests - Running with Spring Boot v4.0.5, Spring v7.0.6
2026-06-07 22:22:19.919 [main] INFO  c.H.HospitalManagementApplicationTests - No active profile set, falling back to 1 default profile: "default"
2026-06-07 22:22:23.690 [main] INFO  com.zaxxer.hikari.HikariDataSource - HikariPool-1 - Starting...
2026-06-07 22:22:24.319 [main] INFO  com.zaxxer.hikari.pool.HikariPool - HikariPool-1 - Added connection com.mysql.cj.jdbc.ConnectionImpl@65262308
2026-06-07 22:22:24.321 [main] INFO  com.zaxxer.hikari.HikariDataSource - HikariPool-1 - Start completed.
2026-06-07 22:22:25.706 [main] WARN  org.hibernate.orm.deprecation - HHH90000025: MySQLDialect does not need to be specified explicitly using 'hibernate.dialect' (remove the property setting and it will be selected by default)
2026-06-07 22:22:28.298 [main] INFO  o.s.s.c.a.a.c.InitializeAuthenticationProviderBeanManagerConfigurer$InitializeAuthenticationProviderManagerConfigurer - Global AuthenticationManager configured with AuthenticationProvider bean with name authenticationProvider
2026-06-07 22:22:28.300 [main] WARN  o.s.s.c.a.a.c.InitializeUserDetailsBeanManagerConfigurer$InitializeUserDetailsManagerConfigurer - Global AuthenticationManager configured with an AuthenticationProvider bean. UserDetailsService beans will not be used by Spring Security for automatically configuring username/password login. Consider removing the AuthenticationProvider bean. Alternatively, consider using the UserDetailsService in a manually instantiated DaoAuthenticationProvider. If the current configuration is intentional, to turn off this warning, increase the logging level of 'org.springframework.security.config.annotation.authentication.configuration.InitializeUserDetailsBeanManagerConfigurer' to ERROR
2026-06-07 22:22:29.237 [main] WARN  o.s.b.j.a.JpaBaseConfiguration$JpaWebConfiguration - spring.jpa.open-in-view is enabled by default. Therefore, database queries may be performed during view rendering. Explicitly configure spring.jpa.open-in-view to disable this warning
2026-06-07 22:22:30.139 [main] WARN  o.s.w.s.m.m.a.RequestMappingHandlerMapping - Multiple @RequestMapping annotations found on public com.HospitalManagement.responsedto.LabOrderResponseDto com.HospitalManagement.controller.LabController.cancelOrder(java.lang.Long), but only the first will be used: [@org.springframework.web.bind.annotation.DeleteMapping(consumes={}, headers={}, name="", params={}, path={"/orders/{labOrderId}"}, produces={}, value={"/orders/{labOrderId}"}, version=""), @org.springframework.web.bind.annotation.PatchMapping(consumes={}, headers={}, name="", params={}, path={"/lab-orders/{labOrderId}/cancel"}, produces={}, value={"/lab-orders/{labOrderId}/cancel"}, version="")]
2026-06-07 22:22:30.978 [main] INFO  c.H.HospitalManagementApplicationTests - Started HospitalManagementApplicationTests in 11.637 seconds (process running for 14.156)
2026-06-07 22:22:30.985 [main] WARN  o.s.c.events.SpringDocAppInitializer - SpringDoc /v3/api-docs endpoint is enabled by default. To disable it in production, set the property 'springdoc.api-docs.enabled=false'
2026-06-07 22:22:30.987 [main] WARN  o.s.c.events.SpringDocAppInitializer - SpringDoc /swagger-ui.html endpoint is enabled by default. To disable it in production, set the property 'springdoc.swagger-ui.enabled=false'
2026-06-07 22:22:35.898 [main] INFO  c.H.service.PrescriptionService - Creating prescription for PatientID=1, EncounterID=1
2026-06-07 22:22:36.226 [main] INFO  c.H.service.PrescriptionService - Creating prescription for PatientID=1, EncounterID=1
2026-06-07 22:22:36.325 [main] INFO  c.H.service.PrescriptionService - Updating prescription RxID=1, NewStatus=ISSUED
2026-06-07 22:22:36.384 [main] DEBUG c.H.service.PrescriptionService - Fetching all prescriptions
2026-06-07 22:22:36.490 [main] DEBUG c.H.service.PrescriptionService - Fetching prescription with ID: 1
2026-06-07 22:22:36.549 [main] DEBUG c.H.service.PrescriptionService - Fetching prescription with ID: 1
2026-06-07 22:22:36.599 [main] INFO  c.H.service.PrescriptionService - Creating prescription for PatientID=1, EncounterID=1
2026-06-07 22:22:36.669 [main] INFO  c.H.service.PrescriptionService - Creating prescription for PatientID=1, EncounterID=1
2026-06-07 22:22:36.727 [main] DEBUG c.H.service.PrescriptionService - Fetching prescription with ID: 999
2026-06-07 22:22:36.770 [main] INFO  c.H.service.PrescriptionService - Deleting prescription RxID=1
2026-06-07 22:22:36.815 [main] INFO  c.H.service.PrescriptionService - Creating prescription for PatientID=1, EncounterID=1
2026-06-07 22:22:36.867 [main] DEBUG c.H.service.PrescriptionService - Fetching all prescriptions
2026-06-07 22:22:36.892 [main] INFO  c.H.service.PrescriptionService - Updating prescription RxID=1, NewStatus=ISSUED
2026-06-07 22:22:36.931 [main] INFO  c.H.service.PrescriptionService - Deleting prescription RxID=999
2026-06-07 22:22:37.178 [SpringApplicationShutdownHook] INFO  com.zaxxer.hikari.HikariDataSource - HikariPool-1 - Shutdown initiated...
2026-06-07 22:22:37.237 [SpringApplicationShutdownHook] INFO  com.zaxxer.hikari.HikariDataSource - HikariPool-1 - Shutdown completed.
2026-06-07 23:14:15.653 [main] INFO  c.H.HospitalManagementApplicationTests - Starting HospitalManagementApplicationTests using Java 19.0.2 with PID 21540 (started by OVIYA in E:\CLINIC-FLOW\INTADM26JFSR004--CLINIC-FLOW\backend)
2026-06-07 23:14:15.667 [main] DEBUG c.H.HospitalManagementApplicationTests - Running with Spring Boot v4.0.5, Spring v7.0.6
2026-06-07 23:14:15.670 [main] INFO  c.H.HospitalManagementApplicationTests - No active profile set, falling back to 1 default profile: "default"
2026-06-07 23:14:23.375 [main] INFO  com.zaxxer.hikari.HikariDataSource - HikariPool-1 - Starting...
2026-06-07 23:14:25.641 [main] INFO  com.zaxxer.hikari.pool.HikariPool - HikariPool-1 - Added connection com.mysql.cj.jdbc.ConnectionImpl@5aac6f9f
2026-06-07 23:14:25.647 [main] INFO  com.zaxxer.hikari.HikariDataSource - HikariPool-1 - Start completed.
2026-06-07 23:14:30.231 [main] WARN  org.hibernate.orm.deprecation - HHH90000025: MySQLDialect does not need to be specified explicitly using 'hibernate.dialect' (remove the property setting and it will be selected by default)
2026-06-07 23:14:38.860 [main] INFO  o.s.s.c.a.a.c.InitializeAuthenticationProviderBeanManagerConfigurer$InitializeAuthenticationProviderManagerConfigurer - Global AuthenticationManager configured with AuthenticationProvider bean with name authenticationProvider
2026-06-07 23:14:38.861 [main] WARN  o.s.s.c.a.a.c.InitializeUserDetailsBeanManagerConfigurer$InitializeUserDetailsManagerConfigurer - Global AuthenticationManager configured with an AuthenticationProvider bean. UserDetailsService beans will not be used by Spring Security for automatically configuring username/password login. Consider removing the AuthenticationProvider bean. Alternatively, consider using the UserDetailsService in a manually instantiated DaoAuthenticationProvider. If the current configuration is intentional, to turn off this warning, increase the logging level of 'org.springframework.security.config.annotation.authentication.configuration.InitializeUserDetailsBeanManagerConfigurer' to ERROR
2026-06-07 23:14:40.845 [main] WARN  o.s.b.j.a.JpaBaseConfiguration$JpaWebConfiguration - spring.jpa.open-in-view is enabled by default. Therefore, database queries may be performed during view rendering. Explicitly configure spring.jpa.open-in-view to disable this warning
2026-06-07 23:14:43.242 [main] WARN  o.s.w.s.m.m.a.RequestMappingHandlerMapping - Multiple @RequestMapping annotations found on public com.HospitalManagement.responsedto.LabOrderResponseDto com.HospitalManagement.controller.LabController.cancelOrder(java.lang.Long), but only the first will be used: [@org.springframework.web.bind.annotation.DeleteMapping(consumes={}, headers={}, name="", params={}, path={"/orders/{labOrderId}"}, produces={}, value={"/orders/{labOrderId}"}, version=""), @org.springframework.web.bind.annotation.PatchMapping(consumes={}, headers={}, name="", params={}, path={"/lab-orders/{labOrderId}/cancel"}, produces={}, value={"/lab-orders/{labOrderId}/cancel"}, version="")]
2026-06-07 23:14:46.261 [main] INFO  c.H.HospitalManagementApplicationTests - Started HospitalManagementApplicationTests in 31.678 seconds (process running for 38.112)
2026-06-07 23:14:46.294 [main] WARN  o.s.c.events.SpringDocAppInitializer - SpringDoc /v3/api-docs endpoint is enabled by default. To disable it in production, set the property 'springdoc.api-docs.enabled=false'
2026-06-07 23:14:46.294 [main] WARN  o.s.c.events.SpringDocAppInitializer - SpringDoc /swagger-ui.html endpoint is enabled by default. To disable it in production, set the property 'springdoc.swagger-ui.enabled=false'
2026-06-07 23:14:51.733 [main] INFO  c.H.service.PrescriptionService - Creating prescription for PatientID=1, EncounterID=1
2026-06-07 23:14:51.986 [main] INFO  c.H.service.PrescriptionService - Creating prescription for PatientID=1, EncounterID=1
2026-06-07 23:14:52.034 [main] INFO  c.H.service.PrescriptionService - Updating prescription RxID=1, NewStatus=ISSUED
2026-06-07 23:14:52.106 [main] DEBUG c.H.service.PrescriptionService - Fetching all prescriptions
2026-06-07 23:14:52.280 [main] DEBUG c.H.service.PrescriptionService - Fetching prescription with ID: 1
2026-06-07 23:14:52.356 [main] DEBUG c.H.service.PrescriptionService - Fetching prescription with ID: 1
2026-06-07 23:14:52.430 [main] INFO  c.H.service.PrescriptionService - Creating prescription for PatientID=1, EncounterID=1
2026-06-07 23:14:52.638 [main] INFO  c.H.service.PrescriptionService - Creating prescription for PatientID=1, EncounterID=1
2026-06-07 23:14:52.721 [main] DEBUG c.H.service.PrescriptionService - Fetching prescription with ID: 999
2026-06-07 23:14:52.781 [main] INFO  c.H.service.PrescriptionService - Deleting prescription RxID=1
2026-06-07 23:14:52.860 [main] INFO  c.H.service.PrescriptionService - Creating prescription for PatientID=1, EncounterID=1
2026-06-07 23:14:52.973 [main] DEBUG c.H.service.PrescriptionService - Fetching all prescriptions
2026-06-07 23:14:53.040 [main] INFO  c.H.service.PrescriptionService - Updating prescription RxID=1, NewStatus=ISSUED
2026-06-07 23:14:53.093 [main] INFO  c.H.service.PrescriptionService - Deleting prescription RxID=999
2026-06-07 23:14:53.373 [SpringApplicationShutdownHook] INFO  com.zaxxer.hikari.HikariDataSource - HikariPool-1 - Shutdown initiated...
2026-06-07 23:14:53.425 [SpringApplicationShutdownHook] INFO  com.zaxxer.hikari.HikariDataSource - HikariPool-1 - Shutdown completed.
2026-06-07 23:48:25.399 [restartedMain] INFO  c.H.HospitalManagementApplication - Starting HospitalManagementApplication using Java 19.0.2 with PID 25912 (E:\CLINIC-FLOW\INTADM26JFSR004--CLINIC-FLOW\backend\target\classes started by OVIYA in E:\CLINIC-FLOW\INTADM26JFSR004--CLINIC-FLOW\backend)
2026-06-07 23:48:25.409 [restartedMain] DEBUG c.H.HospitalManagementApplication - Running with Spring Boot v4.0.5, Spring v7.0.6
2026-06-07 23:48:25.411 [restartedMain] INFO  c.H.HospitalManagementApplication - No active profile set, falling back to 1 default profile: "default"
2026-06-07 23:48:25.409 [restartedMain] INFO  c.H.HospitalManagementApplication - Starting HospitalManagementApplication using Java 19.0.2 with PID 16860 (E:\CLINIC-FLOW\INTADM26JFSR004--CLINIC-FLOW\backend\target\classes started by OVIYA in E:\CLINIC-FLOW\INTADM26JFSR004--CLINIC-FLOW\backend)
2026-06-07 23:48:25.458 [restartedMain] DEBUG c.H.HospitalManagementApplication - Running with Spring Boot v4.0.5, Spring v7.0.6
2026-06-07 23:48:25.465 [restartedMain] INFO  c.H.HospitalManagementApplication - No active profile set, falling back to 1 default profile: "default"
2026-06-07 23:48:25.498 [restartedMain] INFO  c.H.HospitalManagementApplication - Starting HospitalManagementApplication using Java 19.0.2 with PID 26408 (E:\CLINIC-FLOW\INTADM26JFSR004--CLINIC-FLOW\backend\target\classes started by OVIYA in E:\CLINIC-FLOW\INTADM26JFSR004--CLINIC-FLOW\backend)
2026-06-07 23:48:25.507 [restartedMain] DEBUG c.H.HospitalManagementApplication - Running with Spring Boot v4.0.5, Spring v7.0.6
2026-06-07 23:48:25.512 [restartedMain] INFO  c.H.HospitalManagementApplication - No active profile set, falling back to 1 default profile: "default"
2026-06-07 23:48:26.456 [restartedMain] INFO  c.H.HospitalManagementApplication - Starting HospitalManagementApplication using Java 19.0.2 with PID 5280 (E:\CLINIC-FLOW\INTADM26JFSR004--CLINIC-FLOW\backend\target\classes started by OVIYA in E:\CLINIC-FLOW\INTADM26JFSR004--CLINIC-FLOW\backend)
2026-06-07 23:48:26.467 [restartedMain] DEBUG c.H.HospitalManagementApplication - Running with Spring Boot v4.0.5, Spring v7.0.6
2026-06-07 23:48:26.482 [restartedMain] INFO  c.H.HospitalManagementApplication - No active profile set, falling back to 1 default profile: "default"
2026-06-07 23:48:55.375 [restartedMain] INFO  o.a.coyote.http11.Http11NioProtocol - Initializing ProtocolHandler ["http-nio-8081"]
2026-06-07 23:48:55.389 [restartedMain] INFO  o.a.catalina.core.StandardService - Starting service [Tomcat]
2026-06-07 23:48:55.391 [restartedMain] INFO  o.a.catalina.core.StandardEngine - Starting Servlet engine: [Apache Tomcat/11.0.20]
2026-06-07 23:48:55.402 [restartedMain] INFO  o.a.coyote.http11.Http11NioProtocol - Initializing ProtocolHandler ["http-nio-8081"]
2026-06-07 23:48:55.404 [restartedMain] INFO  o.a.coyote.http11.Http11NioProtocol - Initializing ProtocolHandler ["http-nio-8081"]
2026-06-07 23:48:55.448 [restartedMain] INFO  o.a.catalina.core.StandardService - Starting service [Tomcat]
2026-06-07 23:48:55.449 [restartedMain] INFO  o.a.catalina.core.StandardEngine - Starting Servlet engine: [Apache Tomcat/11.0.20]
2026-06-07 23:48:55.469 [restartedMain] INFO  o.a.catalina.core.StandardService - Starting service [Tomcat]
2026-06-07 23:48:55.471 [restartedMain] INFO  o.a.catalina.core.StandardEngine - Starting Servlet engine: [Apache Tomcat/11.0.20]
2026-06-07 23:48:57.090 [restartedMain] INFO  com.zaxxer.hikari.HikariDataSource - HikariPool-1 - Starting...
2026-06-07 23:48:57.704 [restartedMain] INFO  o.a.coyote.http11.Http11NioProtocol - Initializing ProtocolHandler ["http-nio-8081"]
2026-06-07 23:48:57.722 [restartedMain] INFO  o.a.catalina.core.StandardService - Starting service [Tomcat]
2026-06-07 23:48:57.722 [restartedMain] INFO  o.a.catalina.core.StandardEngine - Starting Servlet engine: [Apache Tomcat/11.0.20]
2026-06-07 23:48:58.148 [restartedMain] INFO  com.zaxxer.hikari.HikariDataSource - HikariPool-1 - Starting...
2026-06-07 23:48:59.697 [restartedMain] INFO  com.zaxxer.hikari.HikariDataSource - HikariPool-1 - Starting...
2026-06-07 23:49:00.542 [restartedMain] INFO  com.zaxxer.hikari.HikariDataSource - HikariPool-1 - Starting...
2026-06-07 23:49:01.950 [restartedMain] INFO  com.zaxxer.hikari.pool.HikariPool - HikariPool-1 - Added connection com.mysql.cj.jdbc.ConnectionImpl@5f9d6c42
2026-06-07 23:49:01.961 [restartedMain] INFO  com.zaxxer.hikari.HikariDataSource - HikariPool-1 - Start completed.
2026-06-07 23:49:02.450 [restartedMain] INFO  com.zaxxer.hikari.pool.HikariPool - HikariPool-1 - Added connection com.mysql.cj.jdbc.ConnectionImpl@5f9d6c42
2026-06-07 23:49:02.458 [restartedMain] INFO  com.zaxxer.hikari.HikariDataSource - HikariPool-1 - Start completed.
2026-06-07 23:49:03.802 [restartedMain] INFO  com.zaxxer.hikari.pool.HikariPool - HikariPool-1 - Added connection com.mysql.cj.jdbc.ConnectionImpl@5f9d6c42
2026-06-07 23:49:03.814 [restartedMain] INFO  com.zaxxer.hikari.HikariDataSource - HikariPool-1 - Start completed.
2026-06-07 23:49:04.883 [restartedMain] INFO  com.zaxxer.hikari.pool.HikariPool - HikariPool-1 - Added connection com.mysql.cj.jdbc.ConnectionImpl@6be4f13
2026-06-07 23:49:04.899 [restartedMain] INFO  com.zaxxer.hikari.HikariDataSource - HikariPool-1 - Start completed.
2026-06-07 23:49:10.794 [restartedMain] WARN  org.hibernate.orm.deprecation - HHH90000025: MySQLDialect does not need to be specified explicitly using 'hibernate.dialect' (remove the property setting and it will be selected by default)
2026-06-07 23:49:10.795 [restartedMain] WARN  org.hibernate.orm.deprecation - HHH90000025: MySQLDialect does not need to be specified explicitly using 'hibernate.dialect' (remove the property setting and it will be selected by default)
2026-06-07 23:49:10.832 [restartedMain] WARN  org.hibernate.orm.deprecation - HHH90000025: MySQLDialect does not need to be specified explicitly using 'hibernate.dialect' (remove the property setting and it will be selected by default)
2026-06-07 23:49:11.515 [restartedMain] WARN  org.hibernate.orm.deprecation - HHH90000025: MySQLDialect does not need to be specified explicitly using 'hibernate.dialect' (remove the property setting and it will be selected by default)
2026-06-07 23:49:24.934 [restartedMain] DEBUG c.H.config.AuthenticationFilter - Filter 'authenticationFilter' configured for use
2026-06-07 23:49:24.964 [restartedMain] DEBUG c.H.config.AuthenticationFilter - Filter 'authenticationFilter' configured for use
2026-06-07 23:49:25.167 [restartedMain] DEBUG c.H.config.AuthenticationFilter - Filter 'authenticationFilter' configured for use
2026-06-07 23:49:25.348 [restartedMain] DEBUG c.H.config.AuthenticationFilter - Filter 'authenticationFilter' configured for use
2026-06-07 23:49:26.858 [restartedMain] INFO  o.s.s.c.a.a.c.InitializeAuthenticationProviderBeanManagerConfigurer$InitializeAuthenticationProviderManagerConfigurer - Global AuthenticationManager configured with AuthenticationProvider bean with name authenticationProvider
2026-06-07 23:49:26.874 [restartedMain] WARN  o.s.s.c.a.a.c.InitializeUserDetailsBeanManagerConfigurer$InitializeUserDetailsManagerConfigurer - Global AuthenticationManager configured with an AuthenticationProvider bean. UserDetailsService beans will not be used by Spring Security for automatically configuring username/password login. Consider removing the AuthenticationProvider bean. Alternatively, consider using the UserDetailsService in a manually instantiated DaoAuthenticationProvider. If the current configuration is intentional, to turn off this warning, increase the logging level of 'org.springframework.security.config.annotation.authentication.configuration.InitializeUserDetailsBeanManagerConfigurer' to ERROR
2026-06-07 23:49:27.510 [restartedMain] INFO  o.s.s.c.a.a.c.InitializeAuthenticationProviderBeanManagerConfigurer$InitializeAuthenticationProviderManagerConfigurer - Global AuthenticationManager configured with AuthenticationProvider bean with name authenticationProvider
2026-06-07 23:49:27.513 [restartedMain] WARN  o.s.s.c.a.a.c.InitializeUserDetailsBeanManagerConfigurer$InitializeUserDetailsManagerConfigurer - Global AuthenticationManager configured with an AuthenticationProvider bean. UserDetailsService beans will not be used by Spring Security for automatically configuring username/password login. Consider removing the AuthenticationProvider bean. Alternatively, consider using the UserDetailsService in a manually instantiated DaoAuthenticationProvider. If the current configuration is intentional, to turn off this warning, increase the logging level of 'org.springframework.security.config.annotation.authentication.configuration.InitializeUserDetailsBeanManagerConfigurer' to ERROR
2026-06-07 23:49:29.267 [restartedMain] INFO  o.s.s.c.a.a.c.InitializeAuthenticationProviderBeanManagerConfigurer$InitializeAuthenticationProviderManagerConfigurer - Global AuthenticationManager configured with AuthenticationProvider bean with name authenticationProvider
2026-06-07 23:49:29.272 [restartedMain] WARN  o.s.s.c.a.a.c.InitializeUserDetailsBeanManagerConfigurer$InitializeUserDetailsManagerConfigurer - Global AuthenticationManager configured with an AuthenticationProvider bean. UserDetailsService beans will not be used by Spring Security for automatically configuring username/password login. Consider removing the AuthenticationProvider bean. Alternatively, consider using the UserDetailsService in a manually instantiated DaoAuthenticationProvider. If the current configuration is intentional, to turn off this warning, increase the logging level of 'org.springframework.security.config.annotation.authentication.configuration.InitializeUserDetailsBeanManagerConfigurer' to ERROR
2026-06-07 23:49:32.338 [restartedMain] INFO  o.s.s.c.a.a.c.InitializeAuthenticationProviderBeanManagerConfigurer$InitializeAuthenticationProviderManagerConfigurer - Global AuthenticationManager configured with AuthenticationProvider bean with name authenticationProvider
2026-06-07 23:49:32.347 [restartedMain] WARN  o.s.s.c.a.a.c.InitializeUserDetailsBeanManagerConfigurer$InitializeUserDetailsManagerConfigurer - Global AuthenticationManager configured with an AuthenticationProvider bean. UserDetailsService beans will not be used by Spring Security for automatically configuring username/password login. Consider removing the AuthenticationProvider bean. Alternatively, consider using the UserDetailsService in a manually instantiated DaoAuthenticationProvider. If the current configuration is intentional, to turn off this warning, increase the logging level of 'org.springframework.security.config.annotation.authentication.configuration.InitializeUserDetailsBeanManagerConfigurer' to ERROR
2026-06-07 23:49:35.961 [restartedMain] WARN  o.s.b.j.a.JpaBaseConfiguration$JpaWebConfiguration - spring.jpa.open-in-view is enabled by default. Therefore, database queries may be performed during view rendering. Explicitly configure spring.jpa.open-in-view to disable this warning
2026-06-07 23:49:35.967 [restartedMain] WARN  o.s.b.j.a.JpaBaseConfiguration$JpaWebConfiguration - spring.jpa.open-in-view is enabled by default. Therefore, database queries may be performed during view rendering. Explicitly configure spring.jpa.open-in-view to disable this warning
2026-06-07 23:49:35.998 [restartedMain] WARN  o.s.b.j.a.JpaBaseConfiguration$JpaWebConfiguration - spring.jpa.open-in-view is enabled by default. Therefore, database queries may be performed during view rendering. Explicitly configure spring.jpa.open-in-view to disable this warning
2026-06-07 23:49:36.403 [restartedMain] WARN  o.s.b.j.a.JpaBaseConfiguration$JpaWebConfiguration - spring.jpa.open-in-view is enabled by default. Therefore, database queries may be performed during view rendering. Explicitly configure spring.jpa.open-in-view to disable this warning
2026-06-07 23:49:44.892 [restartedMain] WARN  o.s.w.s.m.m.a.RequestMappingHandlerMapping - Multiple @RequestMapping annotations found on public com.HospitalManagement.responsedto.LabOrderResponseDto com.HospitalManagement.controller.LabController.cancelOrder(java.lang.Long), but only the first will be used: [@org.springframework.web.bind.annotation.DeleteMapping(consumes={}, headers={}, name="", params={}, path={"/orders/{labOrderId}"}, produces={}, value={"/orders/{labOrderId}"}, version=""), @org.springframework.web.bind.annotation.PatchMapping(consumes={}, headers={}, name="", params={}, path={"/lab-orders/{labOrderId}/cancel"}, produces={}, value={"/lab-orders/{labOrderId}/cancel"}, version="")]
2026-06-07 23:49:44.967 [restartedMain] WARN  o.s.w.s.m.m.a.RequestMappingHandlerMapping - Multiple @RequestMapping annotations found on public com.HospitalManagement.responsedto.LabOrderResponseDto com.HospitalManagement.controller.LabController.cancelOrder(java.lang.Long), but only the first will be used: [@org.springframework.web.bind.annotation.DeleteMapping(consumes={}, headers={}, name="", params={}, path={"/orders/{labOrderId}"}, produces={}, value={"/orders/{labOrderId}"}, version=""), @org.springframework.web.bind.annotation.PatchMapping(consumes={}, headers={}, name="", params={}, path={"/lab-orders/{labOrderId}/cancel"}, produces={}, value={"/lab-orders/{labOrderId}/cancel"}, version="")]
2026-06-07 23:49:45.001 [restartedMain] WARN  o.s.w.s.m.m.a.RequestMappingHandlerMapping - Multiple @RequestMapping annotations found on public com.HospitalManagement.responsedto.LabOrderResponseDto com.HospitalManagement.controller.LabController.cancelOrder(java.lang.Long), but only the first will be used: [@org.springframework.web.bind.annotation.DeleteMapping(consumes={}, headers={}, name="", params={}, path={"/orders/{labOrderId}"}, produces={}, value={"/orders/{labOrderId}"}, version=""), @org.springframework.web.bind.annotation.PatchMapping(consumes={}, headers={}, name="", params={}, path={"/lab-orders/{labOrderId}/cancel"}, produces={}, value={"/lab-orders/{labOrderId}/cancel"}, version="")]
2026-06-07 23:49:45.201 [restartedMain] WARN  o.s.w.s.m.m.a.RequestMappingHandlerMapping - Multiple @RequestMapping annotations found on public com.HospitalManagement.responsedto.LabOrderResponseDto com.HospitalManagement.controller.LabController.cancelOrder(java.lang.Long), but only the first will be used: [@org.springframework.web.bind.annotation.DeleteMapping(consumes={}, headers={}, name="", params={}, path={"/orders/{labOrderId}"}, produces={}, value={"/orders/{labOrderId}"}, version=""), @org.springframework.web.bind.annotation.PatchMapping(consumes={}, headers={}, name="", params={}, path={"/lab-orders/{labOrderId}/cancel"}, produces={}, value={"/lab-orders/{labOrderId}/cancel"}, version="")]
2026-06-07 23:49:50.692 [restartedMain] INFO  o.a.coyote.http11.Http11NioProtocol - Starting ProtocolHandler ["http-nio-8081"]
2026-06-07 23:49:50.694 [restartedMain] INFO  o.a.coyote.http11.Http11NioProtocol - Starting ProtocolHandler ["http-nio-8081"]
2026-06-07 23:49:50.710 [restartedMain] INFO  o.a.coyote.http11.Http11NioProtocol - Starting ProtocolHandler ["http-nio-8081"]
2026-06-07 23:49:50.813 [restartedMain] INFO  o.a.coyote.http11.Http11NioProtocol - Starting ProtocolHandler ["http-nio-8081"]
2026-06-07 23:49:50.879 [restartedMain] WARN  o.s.b.w.s.s.c.AnnotationConfigServletWebServerApplicationContext - Exception encountered during context initialization - cancelling refresh attempt: org.springframework.context.ApplicationContextException: Failed to start bean 'webServerStartStop'
2026-06-07 23:49:50.944 [restartedMain] WARN  o.s.b.w.s.s.c.AnnotationConfigServletWebServerApplicationContext - Exception encountered during context initialization - cancelling refresh attempt: org.springframework.context.ApplicationContextException: Failed to start bean 'webServerStartStop'
2026-06-07 23:49:50.952 [restartedMain] WARN  o.s.b.w.s.s.c.AnnotationConfigServletWebServerApplicationContext - Exception encountered during context initialization - cancelling refresh attempt: org.springframework.context.ApplicationContextException: Failed to start bean 'webServerStartStop'
2026-06-07 23:49:51.065 [restartedMain] INFO  com.zaxxer.hikari.HikariDataSource - HikariPool-1 - Shutdown initiated...
2026-06-07 23:49:51.072 [restartedMain] INFO  com.zaxxer.hikari.HikariDataSource - HikariPool-1 - Shutdown initiated...
2026-06-07 23:49:51.259 [restartedMain] INFO  com.zaxxer.hikari.HikariDataSource - HikariPool-1 - Shutdown initiated...
2026-06-07 23:49:51.362 [restartedMain] INFO  c.H.HospitalManagementApplication - Started HospitalManagementApplication in 89.493 seconds (process running for 97.513)
2026-06-07 23:49:51.386 [restartedMain] WARN  o.s.c.events.SpringDocAppInitializer - SpringDoc /v3/api-docs endpoint is enabled by default. To disable it in production, set the property 'springdoc.api-docs.enabled=false'
2026-06-07 23:49:51.390 [restartedMain] WARN  o.s.c.events.SpringDocAppInitializer - SpringDoc /swagger-ui.html endpoint is enabled by default. To disable it in production, set the property 'springdoc.swagger-ui.enabled=false'
2026-06-07 23:49:51.433 [restartedMain] INFO  com.zaxxer.hikari.HikariDataSource - HikariPool-1 - Shutdown completed.
2026-06-07 23:49:51.472 [restartedMain] INFO  com.zaxxer.hikari.HikariDataSource - HikariPool-1 - Shutdown completed.
2026-06-07 23:49:51.483 [restartedMain] INFO  com.zaxxer.hikari.HikariDataSource - HikariPool-1 - Shutdown completed.
2026-06-07 23:49:51.670 [restartedMain] ERROR o.s.b.d.LoggingFailureAnalysisReporter - 

***************************
APPLICATION FAILED TO START
***************************

Description:

Web server failed to start. Port 8081 was already in use.

Action:

Identify and stop the process that's listening on port 8081 or configure this application to listen on another port.

2026-06-07 23:49:51.722 [restartedMain] ERROR o.s.b.d.LoggingFailureAnalysisReporter - 

***************************
APPLICATION FAILED TO START
***************************

Description:

Web server failed to start. Port 8081 was already in use.

Action:

Identify and stop the process that's listening on port 8081 or configure this application to listen on another port.

2026-06-07 23:49:51.916 [restartedMain] ERROR o.s.b.d.LoggingFailureAnalysisReporter - 

***************************
APPLICATION FAILED TO START
***************************

Description:

Web server failed to start. Port 8081 was already in use.

Action:

Identify and stop the process that's listening on port 8081 or configure this application to listen on another port.

2026-06-07 23:52:44.576 [http-nio-8081-exec-4] INFO  o.a.c.c.C.[Tomcat].[localhost].[/] - Initializing Spring DispatcherServlet 'dispatcherServlet'
2026-06-07 23:52:44.606 [http-nio-8081-exec-4] INFO  o.s.web.servlet.DispatcherServlet - Initializing Servlet 'dispatcherServlet'
2026-06-07 23:52:44.814 [http-nio-8081-exec-4] INFO  o.s.web.servlet.DispatcherServlet - Completed initialization in 206 ms
2026-06-07 23:52:52.352 [http-nio-8081-exec-1] INFO  o.s.api.AbstractOpenApiResource - Init duration for springdoc-openapi is: 5183 ms
2026-06-07 23:59:34.874 [http-nio-8081-exec-8] ERROR o.a.c.c.C.[.[.[.[dispatcherServlet] - Servlet.service() for servlet [dispatcherServlet] in context with path [] threw exception
io.jsonwebtoken.security.SignatureException: JWT signature does not match locally computed signature. JWT validity cannot be asserted and should not be trusted.
	at io.jsonwebtoken.impl.DefaultJwtParser.parse(DefaultJwtParser.java:399)
	at io.jsonwebtoken.impl.DefaultJwtParser.parse(DefaultJwtParser.java:529)
	at io.jsonwebtoken.impl.DefaultJwtParser.parseClaimsJws(DefaultJwtParser.java:589)
	at io.jsonwebtoken.impl.ImmutableJwtParser.parseClaimsJws(ImmutableJwtParser.java:173)
	at com.HospitalManagement.service.JwtService.extractAllClaims(JwtService.java:61)
	at com.HospitalManagement.service.JwtService.extractUsername(JwtService.java:49)
	at com.HospitalManagement.config.AuthenticationFilter.doFilterInternal(AuthenticationFilter.java:41)
	at org.springframework.web.filter.OncePerRequestFilter.doFilter(OncePerRequestFilter.java:116)
	at org.springframework.security.web.FilterChainProxy$VirtualFilterChain.doFilter(FilterChainProxy.java:380)
	at org.springframework.security.web.authentication.logout.LogoutFilter.doFilter(LogoutFilter.java:110)
	at org.springframework.security.web.authentication.logout.LogoutFilter.doFilter(LogoutFilter.java:96)
	at org.springframework.security.web.FilterChainProxy$VirtualFilterChain.doFilter(FilterChainProxy.java:380)
	at org.springframework.web.filter.CorsFilter.doFilterInternal(CorsFilter.java:91)
	at org.springframework.web.filter.OncePerRequestFilter.doFilter(OncePerRequestFilter.java:116)
	at org.springframework.security.web.FilterChainProxy$VirtualFilterChain.doFilter(FilterChainProxy.java:380)
	at org.springframework.security.web.header.HeaderWriterFilter.doHeadersAfter(HeaderWriterFilter.java:90)
	at org.springframework.security.web.header.HeaderWriterFilter.doFilterInternal(HeaderWriterFilter.java:75)
	at org.springframework.web.filter.OncePerRequestFilter.doFilter(OncePerRequestFilter.java:116)
	at org.springframework.security.web.FilterChainProxy$VirtualFilterChain.doFilter(FilterChainProxy.java:380)
	at org.springframework.security.web.context.SecurityContextHolderFilter.doFilter(SecurityContextHolderFilter.java:82)
	at org.springframework.security.web.context.SecurityContextHolderFilter.doFilter(SecurityContextHolderFilter.java:69)
	at org.springframework.security.web.FilterChainProxy$VirtualFilterChain.doFilter(FilterChainProxy.java:380)
	at org.springframework.security.web.context.request.async.WebAsyncManagerIntegrationFilter.doFilterInternal(WebAsyncManagerIntegrationFilter.java:62)
	at org.springframework.web.filter.OncePerRequestFilter.doFilter(OncePerRequestFilter.java:116)
	at org.springframework.security.web.FilterChainProxy$VirtualFilterChain.doFilter(FilterChainProxy.java:380)
	at org.springframework.security.web.session.DisableEncodeUrlFilter.doFilterInternal(DisableEncodeUrlFilter.java:42)
	at org.springframework.web.filter.OncePerRequestFilter.doFilter(OncePerRequestFilter.java:116)
	at org.springframework.security.web.FilterChainProxy$VirtualFilterChain.doFilter(FilterChainProxy.java:380)
	at org.springframework.security.web.FilterChainProxy.doFilterInternal(FilterChainProxy.java:237)
	at org.springframework.security.web.FilterChainProxy.doFilter(FilterChainProxy.java:195)
	at org.springframework.web.filter.CompositeFilter$VirtualFilterChain.doFilter(CompositeFilter.java:113)
	at org.springframework.web.filter.ServletRequestPathFilter.doFilter(ServletRequestPathFilter.java:52)
	at org.springframework.web.filter.CompositeFilter$VirtualFilterChain.doFilter(CompositeFilter.java:113)
	at org.springframework.web.filter.CompositeFilter.doFilter(CompositeFilter.java:74)
	at org.springframework.security.config.annotation.web.configuration.WebSecurityConfiguration$CompositeFilterChainProxy.doFilter(WebSecurityConfiguration.java:317)
	at org.springframework.web.filter.DelegatingFilterProxy.invokeDelegate(DelegatingFilterProxy.java:355)
	at org.springframework.web.filter.DelegatingFilterProxy.doFilter(DelegatingFilterProxy.java:272)
	at org.apache.catalina.core.ApplicationFilterChain.doFilter(ApplicationFilterChain.java:107)
	at org.springframework.web.filter.RequestContextFilter.doFilterInternal(RequestContextFilter.java:100)
	at org.springframework.web.filter.OncePerRequestFilter.doFilter(OncePerRequestFilter.java:116)
	at org.apache.catalina.core.ApplicationFilterChain.doFilter(ApplicationFilterChain.java:107)
	at org.springframework.web.filter.FormContentFilter.doFilterInternal(FormContentFilter.java:93)
	at org.springframework.web.filter.OncePerRequestFilter.doFilter(OncePerRequestFilter.java:116)
	at org.apache.catalina.core.ApplicationFilterChain.doFilter(ApplicationFilterChain.java:107)
	at org.springframework.web.filter.CharacterEncodingFilter.doFilterInternal(CharacterEncodingFilter.java:199)
	at org.springframework.web.filter.OncePerRequestFilter.doFilter(OncePerRequestFilter.java:116)
	at org.apache.catalina.core.ApplicationFilterChain.doFilter(ApplicationFilterChain.java:107)
	at org.apache.catalina.core.StandardWrapperValve.invoke(StandardWrapperValve.java:165)
	at org.apache.catalina.core.StandardContextValve.invoke(StandardContextValve.java:77)
	at org.apache.catalina.authenticator.AuthenticatorBase.invoke(AuthenticatorBase.java:492)
	at org.apache.catalina.core.StandardHostValve.invoke(StandardHostValve.java:113)
	at org.apache.catalina.valves.ErrorReportValve.invoke(ErrorReportValve.java:83)
	at org.apache.catalina.core.StandardEngineValve.invoke(StandardEngineValve.java:72)
	at org.apache.catalina.connector.CoyoteAdapter.service(CoyoteAdapter.java:341)
	at org.apache.coyote.http11.Http11Processor.service(Http11Processor.java:397)
	at org.apache.coyote.AbstractProcessorLight.process(AbstractProcessorLight.java:63)
	at org.apache.coyote.AbstractProtocol$ConnectionHandler.process(AbstractProtocol.java:903)
	at org.apache.tomcat.util.net.NioEndpoint$SocketProcessor.doRun(NioEndpoint.java:1779)
	at org.apache.tomcat.util.net.SocketProcessorBase.run(SocketProcessorBase.java:52)
	at org.apache.tomcat.util.threads.ThreadPoolExecutor.runWorker(ThreadPoolExecutor.java:946)
	at org.apache.tomcat.util.threads.ThreadPoolExecutor$Worker.run(ThreadPoolExecutor.java:480)
	at org.apache.tomcat.util.threads.TaskThread$WrappingRunnable.run(TaskThread.java:57)
	at java.base/java.lang.Thread.run(Thread.java:1589)
2026-06-07 23:59:38.527 [http-nio-8081-exec-9] ERROR o.a.c.c.C.[.[.[.[dispatcherServlet] - Servlet.service() for servlet [dispatcherServlet] in context with path [] threw exception
io.jsonwebtoken.security.SignatureException: JWT signature does not match locally computed signature. JWT validity cannot be asserted and should not be trusted.
	at io.jsonwebtoken.impl.DefaultJwtParser.parse(DefaultJwtParser.java:399)
	at io.jsonwebtoken.impl.DefaultJwtParser.parse(DefaultJwtParser.java:529)
	at io.jsonwebtoken.impl.DefaultJwtParser.parseClaimsJws(DefaultJwtParser.java:589)
	at io.jsonwebtoken.impl.ImmutableJwtParser.parseClaimsJws(ImmutableJwtParser.java:173)
	at com.HospitalManagement.service.JwtService.extractAllClaims(JwtService.java:61)
	at com.HospitalManagement.service.JwtService.extractUsername(JwtService.java:49)
	at com.HospitalManagement.config.AuthenticationFilter.doFilterInternal(AuthenticationFilter.java:41)
	at org.springframework.web.filter.OncePerRequestFilter.doFilter(OncePerRequestFilter.java:116)
	at org.springframework.security.web.FilterChainProxy$VirtualFilterChain.doFilter(FilterChainProxy.java:380)
	at org.springframework.security.web.authentication.logout.LogoutFilter.doFilter(LogoutFilter.java:110)
	at org.springframework.security.web.authentication.logout.LogoutFilter.doFilter(LogoutFilter.java:96)
	at org.springframework.security.web.FilterChainProxy$VirtualFilterChain.doFilter(FilterChainProxy.java:380)
	at org.springframework.web.filter.CorsFilter.doFilterInternal(CorsFilter.java:91)
	at org.springframework.web.filter.OncePerRequestFilter.doFilter(OncePerRequestFilter.java:116)
	at org.springframework.security.web.FilterChainProxy$VirtualFilterChain.doFilter(FilterChainProxy.java:380)
	at org.springframework.security.web.header.HeaderWriterFilter.doHeadersAfter(HeaderWriterFilter.java:90)
	at org.springframework.security.web.header.HeaderWriterFilter.doFilterInternal(HeaderWriterFilter.java:75)
	at org.springframework.web.filter.OncePerRequestFilter.doFilter(OncePerRequestFilter.java:116)
	at org.springframework.security.web.FilterChainProxy$VirtualFilterChain.doFilter(FilterChainProxy.java:380)
	at org.springframework.security.web.context.SecurityContextHolderFilter.doFilter(SecurityContextHolderFilter.java:82)
	at org.springframework.security.web.context.SecurityContextHolderFilter.doFilter(SecurityContextHolderFilter.java:69)
	at org.springframework.security.web.FilterChainProxy$VirtualFilterChain.doFilter(FilterChainProxy.java:380)
	at org.springframework.security.web.context.request.async.WebAsyncManagerIntegrationFilter.doFilterInternal(WebAsyncManagerIntegrationFilter.java:62)
	at org.springframework.web.filter.OncePerRequestFilter.doFilter(OncePerRequestFilter.java:116)
	at org.springframework.security.web.FilterChainProxy$VirtualFilterChain.doFilter(FilterChainProxy.java:380)
	at org.springframework.security.web.session.DisableEncodeUrlFilter.doFilterInternal(DisableEncodeUrlFilter.java:42)
	at org.springframework.web.filter.OncePerRequestFilter.doFilter(OncePerRequestFilter.java:116)
	at org.springframework.security.web.FilterChainProxy$VirtualFilterChain.doFilter(FilterChainProxy.java:380)
	at org.springframework.security.web.FilterChainProxy.doFilterInternal(FilterChainProxy.java:237)
	at org.springframework.security.web.FilterChainProxy.doFilter(FilterChainProxy.java:195)
	at org.springframework.web.filter.CompositeFilter$VirtualFilterChain.doFilter(CompositeFilter.java:113)
	at org.springframework.web.filter.ServletRequestPathFilter.doFilter(ServletRequestPathFilter.java:52)
	at org.springframework.web.filter.CompositeFilter$VirtualFilterChain.doFilter(CompositeFilter.java:113)
	at org.springframework.web.filter.CompositeFilter.doFilter(CompositeFilter.java:74)
	at org.springframework.security.config.annotation.web.configuration.WebSecurityConfiguration$CompositeFilterChainProxy.doFilter(WebSecurityConfiguration.java:317)
	at org.springframework.web.filter.DelegatingFilterProxy.invokeDelegate(DelegatingFilterProxy.java:355)
	at org.springframework.web.filter.DelegatingFilterProxy.doFilter(DelegatingFilterProxy.java:272)
	at org.apache.catalina.core.ApplicationFilterChain.doFilter(ApplicationFilterChain.java:107)
	at org.springframework.web.filter.RequestContextFilter.doFilterInternal(RequestContextFilter.java:100)
	at org.springframework.web.filter.OncePerRequestFilter.doFilter(OncePerRequestFilter.java:116)
	at org.apache.catalina.core.ApplicationFilterChain.doFilter(ApplicationFilterChain.java:107)
	at org.springframework.web.filter.FormContentFilter.doFilterInternal(FormContentFilter.java:93)
	at org.springframework.web.filter.OncePerRequestFilter.doFilter(OncePerRequestFilter.java:116)
	at org.apache.catalina.core.ApplicationFilterChain.doFilter(ApplicationFilterChain.java:107)
	at org.springframework.web.filter.CharacterEncodingFilter.doFilterInternal(CharacterEncodingFilter.java:199)
	at org.springframework.web.filter.OncePerRequestFilter.doFilter(OncePerRequestFilter.java:116)
	at org.apache.catalina.core.ApplicationFilterChain.doFilter(ApplicationFilterChain.java:107)
	at org.apache.catalina.core.StandardWrapperValve.invoke(StandardWrapperValve.java:165)
	at org.apache.catalina.core.StandardContextValve.invoke(StandardContextValve.java:77)
	at org.apache.catalina.authenticator.AuthenticatorBase.invoke(AuthenticatorBase.java:492)
	at org.apache.catalina.core.StandardHostValve.invoke(StandardHostValve.java:113)
	at org.apache.catalina.valves.ErrorReportValve.invoke(ErrorReportValve.java:83)
	at org.apache.catalina.core.StandardEngineValve.invoke(StandardEngineValve.java:72)
	at org.apache.catalina.connector.CoyoteAdapter.service(CoyoteAdapter.java:341)
	at org.apache.coyote.http11.Http11Processor.service(Http11Processor.java:397)
	at org.apache.coyote.AbstractProcessorLight.process(AbstractProcessorLight.java:63)
	at org.apache.coyote.AbstractProtocol$ConnectionHandler.process(AbstractProtocol.java:903)
	at org.apache.tomcat.util.net.NioEndpoint$SocketProcessor.doRun(NioEndpoint.java:1779)
	at org.apache.tomcat.util.net.SocketProcessorBase.run(SocketProcessorBase.java:52)
	at org.apache.tomcat.util.threads.ThreadPoolExecutor.runWorker(ThreadPoolExecutor.java:946)
	at org.apache.tomcat.util.threads.ThreadPoolExecutor$Worker.run(ThreadPoolExecutor.java:480)
	at org.apache.tomcat.util.threads.TaskThread$WrappingRunnable.run(TaskThread.java:57)
	at java.base/java.lang.Thread.run(Thread.java:1589)
2026-06-07 23:59:46.202 [http-nio-8081-exec-4] ERROR o.a.c.c.C.[.[.[.[dispatcherServlet] - Servlet.service() for servlet [dispatcherServlet] in context with path [] threw exception
io.jsonwebtoken.security.SignatureException: JWT signature does not match locally computed signature. JWT validity cannot be asserted and should not be trusted.
	at io.jsonwebtoken.impl.DefaultJwtParser.parse(DefaultJwtParser.java:399)
	at io.jsonwebtoken.impl.DefaultJwtParser.parse(DefaultJwtParser.java:529)
	at io.jsonwebtoken.impl.DefaultJwtParser.parseClaimsJws(DefaultJwtParser.java:589)
	at io.jsonwebtoken.impl.ImmutableJwtParser.parseClaimsJws(ImmutableJwtParser.java:173)
	at com.HospitalManagement.service.JwtService.extractAllClaims(JwtService.java:61)
	at com.HospitalManagement.service.JwtService.extractUsername(JwtService.java:49)
	at com.HospitalManagement.config.AuthenticationFilter.doFilterInternal(AuthenticationFilter.java:41)
	at org.springframework.web.filter.OncePerRequestFilter.doFilter(OncePerRequestFilter.java:116)
	at org.springframework.security.web.FilterChainProxy$VirtualFilterChain.doFilter(FilterChainProxy.java:380)
	at org.springframework.security.web.authentication.logout.LogoutFilter.doFilter(LogoutFilter.java:110)
	at org.springframework.security.web.authentication.logout.LogoutFilter.doFilter(LogoutFilter.java:96)
	at org.springframework.security.web.FilterChainProxy$VirtualFilterChain.doFilter(FilterChainProxy.java:380)
	at org.springframework.web.filter.CorsFilter.doFilterInternal(CorsFilter.java:91)
	at org.springframework.web.filter.OncePerRequestFilter.doFilter(OncePerRequestFilter.java:116)
	at org.springframework.security.web.FilterChainProxy$VirtualFilterChain.doFilter(FilterChainProxy.java:380)
	at org.springframework.security.web.header.HeaderWriterFilter.doHeadersAfter(HeaderWriterFilter.java:90)
	at org.springframework.security.web.header.HeaderWriterFilter.doFilterInternal(HeaderWriterFilter.java:75)
	at org.springframework.web.filter.OncePerRequestFilter.doFilter(OncePerRequestFilter.java:116)
	at org.springframework.security.web.FilterChainProxy$VirtualFilterChain.doFilter(FilterChainProxy.java:380)
	at org.springframework.security.web.context.SecurityContextHolderFilter.doFilter(SecurityContextHolderFilter.java:82)
	at org.springframework.security.web.context.SecurityContextHolderFilter.doFilter(SecurityContextHolderFilter.java:69)
	at org.springframework.security.web.FilterChainProxy$VirtualFilterChain.doFilter(FilterChainProxy.java:380)
	at org.springframework.security.web.context.request.async.WebAsyncManagerIntegrationFilter.doFilterInternal(WebAsyncManagerIntegrationFilter.java:62)
	at org.springframework.web.filter.OncePerRequestFilter.doFilter(OncePerRequestFilter.java:116)
	at org.springframework.security.web.FilterChainProxy$VirtualFilterChain.doFilter(FilterChainProxy.java:380)
	at org.springframework.security.web.session.DisableEncodeUrlFilter.doFilterInternal(DisableEncodeUrlFilter.java:42)
	at org.springframework.web.filter.OncePerRequestFilter.doFilter(OncePerRequestFilter.java:116)
	at org.springframework.security.web.FilterChainProxy$VirtualFilterChain.doFilter(FilterChainProxy.java:380)
	at org.springframework.security.web.FilterChainProxy.doFilterInternal(FilterChainProxy.java:237)
	at org.springframework.security.web.FilterChainProxy.doFilter(FilterChainProxy.java:195)
	at org.springframework.web.filter.CompositeFilter$VirtualFilterChain.doFilter(CompositeFilter.java:113)
	at org.springframework.web.filter.ServletRequestPathFilter.doFilter(ServletRequestPathFilter.java:52)
	at org.springframework.web.filter.CompositeFilter$VirtualFilterChain.doFilter(CompositeFilter.java:113)
	at org.springframework.web.filter.CompositeFilter.doFilter(CompositeFilter.java:74)
	at org.springframework.security.config.annotation.web.configuration.WebSecurityConfiguration$CompositeFilterChainProxy.doFilter(WebSecurityConfiguration.java:317)
	at org.springframework.web.filter.DelegatingFilterProxy.invokeDelegate(DelegatingFilterProxy.java:355)
	at org.springframework.web.filter.DelegatingFilterProxy.doFilter(DelegatingFilterProxy.java:272)
	at org.apache.catalina.core.ApplicationFilterChain.doFilter(ApplicationFilterChain.java:107)
	at org.springframework.web.filter.RequestContextFilter.doFilterInternal(RequestContextFilter.java:100)
	at org.springframework.web.filter.OncePerRequestFilter.doFilter(OncePerRequestFilter.java:116)
	at org.apache.catalina.core.ApplicationFilterChain.doFilter(ApplicationFilterChain.java:107)
	at org.springframework.web.filter.FormContentFilter.doFilterInternal(FormContentFilter.java:93)
	at org.springframework.web.filter.OncePerRequestFilter.doFilter(OncePerRequestFilter.java:116)
	at org.apache.catalina.core.ApplicationFilterChain.doFilter(ApplicationFilterChain.java:107)
	at org.springframework.web.filter.CharacterEncodingFilter.doFilterInternal(CharacterEncodingFilter.java:199)
	at org.springframework.web.filter.OncePerRequestFilter.doFilter(OncePerRequestFilter.java:116)
	at org.apache.catalina.core.ApplicationFilterChain.doFilter(ApplicationFilterChain.java:107)
	at org.apache.catalina.core.StandardWrapperValve.invoke(StandardWrapperValve.java:165)
	at org.apache.catalina.core.StandardContextValve.invoke(StandardContextValve.java:77)
	at org.apache.catalina.authenticator.AuthenticatorBase.invoke(AuthenticatorBase.java:492)
	at org.apache.catalina.core.StandardHostValve.invoke(StandardHostValve.java:113)
	at org.apache.catalina.valves.ErrorReportValve.invoke(ErrorReportValve.java:83)
	at org.apache.catalina.core.StandardEngineValve.invoke(StandardEngineValve.java:72)
	at org.apache.catalina.connector.CoyoteAdapter.service(CoyoteAdapter.java:341)
	at org.apache.coyote.http11.Http11Processor.service(Http11Processor.java:397)
	at org.apache.coyote.AbstractProcessorLight.process(AbstractProcessorLight.java:63)
	at org.apache.coyote.AbstractProtocol$ConnectionHandler.process(AbstractProtocol.java:903)
	at org.apache.tomcat.util.net.NioEndpoint$SocketProcessor.doRun(NioEndpoint.java:1779)
	at org.apache.tomcat.util.net.SocketProcessorBase.run(SocketProcessorBase.java:52)
	at org.apache.tomcat.util.threads.ThreadPoolExecutor.runWorker(ThreadPoolExecutor.java:946)
	at org.apache.tomcat.util.threads.ThreadPoolExecutor$Worker.run(ThreadPoolExecutor.java:480)
	at org.apache.tomcat.util.threads.TaskThread$WrappingRunnable.run(TaskThread.java:57)
	at java.base/java.lang.Thread.run(Thread.java:1589)
2026-06-07 23:59:46.498 [http-nio-8081-exec-6] ERROR o.a.c.c.C.[.[.[.[dispatcherServlet] - Servlet.service() for servlet [dispatcherServlet] in context with path [] threw exception
io.jsonwebtoken.security.SignatureException: JWT signature does not match locally computed signature. JWT validity cannot be asserted and should not be trusted.
	at io.jsonwebtoken.impl.DefaultJwtParser.parse(DefaultJwtParser.java:399)
	at io.jsonwebtoken.impl.DefaultJwtParser.parse(DefaultJwtParser.java:529)
	at io.jsonwebtoken.impl.DefaultJwtParser.parseClaimsJws(DefaultJwtParser.java:589)
	at io.jsonwebtoken.impl.ImmutableJwtParser.parseClaimsJws(ImmutableJwtParser.java:173)
	at com.HospitalManagement.service.JwtService.extractAllClaims(JwtService.java:61)
	at com.HospitalManagement.service.JwtService.extractUsername(JwtService.java:49)
	at com.HospitalManagement.config.AuthenticationFilter.doFilterInternal(AuthenticationFilter.java:41)
	at org.springframework.web.filter.OncePerRequestFilter.doFilter(OncePerRequestFilter.java:116)
	at org.springframework.security.web.FilterChainProxy$VirtualFilterChain.doFilter(FilterChainProxy.java:380)
	at org.springframework.security.web.authentication.logout.LogoutFilter.doFilter(LogoutFilter.java:110)
	at org.springframework.security.web.authentication.logout.LogoutFilter.doFilter(LogoutFilter.java:96)
	at org.springframework.security.web.FilterChainProxy$VirtualFilterChain.doFilter(FilterChainProxy.java:380)
	at org.springframework.web.filter.CorsFilter.doFilterInternal(CorsFilter.java:91)
	at org.springframework.web.filter.OncePerRequestFilter.doFilter(OncePerRequestFilter.java:116)
	at org.springframework.security.web.FilterChainProxy$VirtualFilterChain.doFilter(FilterChainProxy.java:380)
	at org.springframework.security.web.header.HeaderWriterFilter.doHeadersAfter(HeaderWriterFilter.java:90)
	at org.springframework.security.web.header.HeaderWriterFilter.doFilterInternal(HeaderWriterFilter.java:75)
	at org.springframework.web.filter.OncePerRequestFilter.doFilter(OncePerRequestFilter.java:116)
	at org.springframework.security.web.FilterChainProxy$VirtualFilterChain.doFilter(FilterChainProxy.java:380)
	at org.springframework.security.web.context.SecurityContextHolderFilter.doFilter(SecurityContextHolderFilter.java:82)
	at org.springframework.security.web.context.SecurityContextHolderFilter.doFilter(SecurityContextHolderFilter.java:69)
	at org.springframework.security.web.FilterChainProxy$VirtualFilterChain.doFilter(FilterChainProxy.java:380)
	at org.springframework.security.web.context.request.async.WebAsyncManagerIntegrationFilter.doFilterInternal(WebAsyncManagerIntegrationFilter.java:62)
	at org.springframework.web.filter.OncePerRequestFilter.doFilter(OncePerRequestFilter.java:116)
	at org.springframework.security.web.FilterChainProxy$VirtualFilterChain.doFilter(FilterChainProxy.java:380)
	at org.springframework.security.web.session.DisableEncodeUrlFilter.doFilterInternal(DisableEncodeUrlFilter.java:42)
	at org.springframework.web.filter.OncePerRequestFilter.doFilter(OncePerRequestFilter.java:116)
	at org.springframework.security.web.FilterChainProxy$VirtualFilterChain.doFilter(FilterChainProxy.java:380)
	at org.springframework.security.web.FilterChainProxy.doFilterInternal(FilterChainProxy.java:237)
	at org.springframework.security.web.FilterChainProxy.doFilter(FilterChainProxy.java:195)
	at org.springframework.web.filter.CompositeFilter$VirtualFilterChain.doFilter(CompositeFilter.java:113)
	at org.springframework.web.filter.ServletRequestPathFilter.doFilter(ServletRequestPathFilter.java:52)
	at org.springframework.web.filter.CompositeFilter$VirtualFilterChain.doFilter(CompositeFilter.java:113)
	at org.springframework.web.filter.CompositeFilter.doFilter(CompositeFilter.java:74)
	at org.springframework.security.config.annotation.web.configuration.WebSecurityConfiguration$CompositeFilterChainProxy.doFilter(WebSecurityConfiguration.java:317)
	at org.springframework.web.filter.DelegatingFilterProxy.invokeDelegate(DelegatingFilterProxy.java:355)
	at org.springframework.web.filter.DelegatingFilterProxy.doFilter(DelegatingFilterProxy.java:272)
	at org.apache.catalina.core.ApplicationFilterChain.doFilter(ApplicationFilterChain.java:107)
	at org.springframework.web.filter.RequestContextFilter.doFilterInternal(RequestContextFilter.java:100)
	at org.springframework.web.filter.OncePerRequestFilter.doFilter(OncePerRequestFilter.java:116)
	at org.apache.catalina.core.ApplicationFilterChain.doFilter(ApplicationFilterChain.java:107)
	at org.springframework.web.filter.FormContentFilter.doFilterInternal(FormContentFilter.java:93)
	at org.springframework.web.filter.OncePerRequestFilter.doFilter(OncePerRequestFilter.java:116)
	at org.apache.catalina.core.ApplicationFilterChain.doFilter(ApplicationFilterChain.java:107)
	at org.springframework.web.filter.CharacterEncodingFilter.doFilterInternal(CharacterEncodingFilter.java:199)
	at org.springframework.web.filter.OncePerRequestFilter.doFilter(OncePerRequestFilter.java:116)
	at org.apache.catalina.core.ApplicationFilterChain.doFilter(ApplicationFilterChain.java:107)
	at org.apache.catalina.core.StandardWrapperValve.invoke(StandardWrapperValve.java:165)
	at org.apache.catalina.core.StandardContextValve.invoke(StandardContextValve.java:77)
	at org.apache.catalina.authenticator.AuthenticatorBase.invoke(AuthenticatorBase.java:492)
	at org.apache.catalina.core.StandardHostValve.invoke(StandardHostValve.java:113)
	at org.apache.catalina.valves.ErrorReportValve.invoke(ErrorReportValve.java:83)
	at org.apache.catalina.core.StandardEngineValve.invoke(StandardEngineValve.java:72)
	at org.apache.catalina.connector.CoyoteAdapter.service(CoyoteAdapter.java:341)
	at org.apache.coyote.http11.Http11Processor.service(Http11Processor.java:397)
	at org.apache.coyote.AbstractProcessorLight.process(AbstractProcessorLight.java:63)
	at org.apache.coyote.AbstractProtocol$ConnectionHandler.process(AbstractProtocol.java:903)
	at org.apache.tomcat.util.net.NioEndpoint$SocketProcessor.doRun(NioEndpoint.java:1779)
	at org.apache.tomcat.util.net.SocketProcessorBase.run(SocketProcessorBase.java:52)
	at org.apache.tomcat.util.threads.ThreadPoolExecutor.runWorker(ThreadPoolExecutor.java:946)
	at org.apache.tomcat.util.threads.ThreadPoolExecutor$Worker.run(ThreadPoolExecutor.java:480)
	at org.apache.tomcat.util.threads.TaskThread$WrappingRunnable.run(TaskThread.java:57)
	at java.base/java.lang.Thread.run(Thread.java:1589)
