2026-06-17 00:03:34.315 [http-nio-8081-exec-10] DEBUG org.hibernate.SQL - select u1_0.user_id,u1_0.created_at,u1_0.email,u1_0.name,u1_0.password,u1_0.phone,u1_0.role,u1_0.status,u1_0.updated_at from users u1_0 where u1_0.email=?
2026-06-17 00:03:34.315 [http-nio-8081-exec-6] DEBUG org.hibernate.SQL - select u1_0.user_id,u1_0.created_at,u1_0.email,u1_0.name,u1_0.password,u1_0.phone,u1_0.role,u1_0.status,u1_0.updated_at from users u1_0 where u1_0.email=?
2026-06-17 00:03:37.098 [http-nio-8081-exec-10] DEBUG org.hibernate.SQL - select u1_0.user_id,u1_0.created_at,u1_0.email,u1_0.name,u1_0.password,u1_0.phone,u1_0.role,u1_0.status,u1_0.updated_at from users u1_0 where u1_0.email=?
2026-06-17 00:03:37.244 [http-nio-8081-exec-6] DEBUG c.H.service.EncounterService - Fetching all encounters
2026-06-17 00:03:37.244 [http-nio-8081-exec-10] DEBUG c.H.service.LabOrderService - Fetching all lab orders
2026-06-17 00:03:37.616 [http-nio-8081-exec-6] DEBUG org.hibernate.SQL - select e1_0.encounter_id,e1_0.chief_complaint,e1_0.clinician_id,e1_0.diagnoses_json,e1_0.end_at,e1_0.notes_json,e1_0.orders_json,e1_0.patient_id,e1_0.prescriptions_json,e1_0.signed_at,e1_0.signed_by,e1_0.start_at,e1_0.status,e1_0.visit_type,e1_0.vitals_json from encounters e1_0
2026-06-17 00:03:37.625 [http-nio-8081-exec-10] DEBUG org.hibernate.SQL - select lo1_0.lab_order_id,lo1_0.collected_at,lo1_0.encounter_id,lo1_0.ordered_by_fk,lo1_0.patient_id,lo1_0.result_uri,lo1_0.sample_id,lo1_0.status,lo1_0.tests_json from lab_order lo1_0
2026-06-17 00:03:41.538 [http-nio-8081-exec-10] DEBUG org.hibernate.SQL - select lr1_0.result_id,lr1_0.flag,lr1_0.lab_order_id,lr1_0.reference_range_json,lr1_0.reported_at,lr1_0.reported_by,lr1_0.test_code,lr1_0.units,lr1_0.value from lab_result lr1_0 where lr1_0.lab_order_id=?
2026-06-17 00:03:41.548 [http-nio-8081-exec-6] DEBUG org.hibernate.SQL - select p1_0.patient_id,p1_0.address_json,p1_0.contact_info_json,p1_0.created_at,p1_0.dob,p1_0.gender,p1_0.insurance_id,p1_0.mrn,p1_0.name,p1_0.primary_contact,p1_0.status,p1_0.updated_at,p1_0.version from patients p1_0 where p1_0.patient_id=?
2026-06-17 00:03:41.638 [http-nio-8081-exec-10] DEBUG org.hibernate.SQL - select p1_0.patient_id,p1_0.address_json,p1_0.contact_info_json,p1_0.created_at,p1_0.dob,p1_0.gender,p1_0.insurance_id,p1_0.mrn,p1_0.name,p1_0.primary_contact,p1_0.status,p1_0.updated_at,p1_0.version from patients p1_0 where p1_0.patient_id=?
2026-06-17 00:03:41.669 [http-nio-8081-exec-10] DEBUG org.hibernate.SQL - select u1_0.user_id,u1_0.created_at,u1_0.email,u1_0.name,u1_0.password,u1_0.phone,u1_0.role,u1_0.status,u1_0.updated_at from users u1_0 where u1_0.user_id=?
2026-06-17 00:03:41.669 [http-nio-8081-exec-6] DEBUG org.hibernate.SQL - select u1_0.user_id,u1_0.created_at,u1_0.email,u1_0.name,u1_0.password,u1_0.phone,u1_0.role,u1_0.status,u1_0.updated_at from users u1_0 where u1_0.user_id=?
2026-06-17 00:03:41.690 [http-nio-8081-exec-6] INFO  c.H.service.EncounterService - Retrieved 2 encounters
2026-06-17 00:03:41.692 [http-nio-8081-exec-10] DEBUG org.hibernate.SQL - select lr1_0.result_id,lr1_0.flag,lr1_0.lab_order_id,lr1_0.reference_range_json,lr1_0.reported_at,lr1_0.reported_by,lr1_0.test_code,lr1_0.units,lr1_0.value from lab_result lr1_0 where lr1_0.lab_order_id=?
2026-06-17 00:03:41.711 [http-nio-8081-exec-10] DEBUG org.hibernate.SQL - select lr1_0.result_id,lr1_0.flag,lr1_0.lab_order_id,lr1_0.reference_range_json,lr1_0.reported_at,lr1_0.reported_by,lr1_0.test_code,lr1_0.units,lr1_0.value from lab_result lr1_0 where lr1_0.lab_order_id=?
2026-06-17 00:03:41.741 [http-nio-8081-exec-10] INFO  c.H.service.LabOrderService - Retrieved 3 lab orders
2026-06-17 00:03:47.444 [http-nio-8081-exec-10] DEBUG org.hibernate.SQL - select u1_0.user_id,u1_0.created_at,u1_0.email,u1_0.name,u1_0.password,u1_0.phone,u1_0.role,u1_0.status,u1_0.updated_at from users u1_0 where u1_0.email=?
2026-06-17 00:03:47.465 [http-nio-8081-exec-6] DEBUG org.hibernate.SQL - select u1_0.user_id,u1_0.created_at,u1_0.email,u1_0.name,u1_0.password,u1_0.phone,u1_0.role,u1_0.status,u1_0.updated_at from users u1_0 where u1_0.email=?
2026-06-17 00:03:47.466 [http-nio-8081-exec-7] DEBUG org.hibernate.SQL - select u1_0.user_id,u1_0.created_at,u1_0.email,u1_0.name,u1_0.password,u1_0.phone,u1_0.role,u1_0.status,u1_0.updated_at from users u1_0 where u1_0.email=?
2026-06-17 00:03:48.338 [http-nio-8081-exec-10] DEBUG org.hibernate.SQL - select u1_0.user_id,u1_0.created_at,u1_0.email,u1_0.name,u1_0.password,u1_0.phone,u1_0.role,u1_0.status,u1_0.updated_at from users u1_0 where u1_0.email=?
2026-06-17 00:03:48.352 [http-nio-8081-exec-6] DEBUG c.H.service.EncounterService - Fetching all encounters
2026-06-17 00:03:48.369 [http-nio-8081-exec-10] DEBUG c.H.service.LabOrderService - Fetching all lab orders
2026-06-17 00:03:48.388 [http-nio-8081-exec-10] DEBUG org.hibernate.SQL - select lo1_0.lab_order_id,lo1_0.collected_at,lo1_0.encounter_id,lo1_0.ordered_by_fk,lo1_0.patient_id,lo1_0.result_uri,lo1_0.sample_id,lo1_0.status,lo1_0.tests_json from lab_order lo1_0
2026-06-17 00:03:48.391 [http-nio-8081-exec-6] DEBUG org.hibernate.SQL - select e1_0.encounter_id,e1_0.chief_complaint,e1_0.clinician_id,e1_0.diagnoses_json,e1_0.end_at,e1_0.notes_json,e1_0.orders_json,e1_0.patient_id,e1_0.prescriptions_json,e1_0.signed_at,e1_0.signed_by,e1_0.start_at,e1_0.status,e1_0.visit_type,e1_0.vitals_json from encounters e1_0
2026-06-17 00:03:48.437 [http-nio-8081-exec-6] DEBUG org.hibernate.SQL - select p1_0.patient_id,p1_0.address_json,p1_0.contact_info_json,p1_0.created_at,p1_0.dob,p1_0.gender,p1_0.insurance_id,p1_0.mrn,p1_0.name,p1_0.primary_contact,p1_0.status,p1_0.updated_at,p1_0.version from patients p1_0 where p1_0.patient_id=?
2026-06-17 00:03:48.449 [http-nio-8081-exec-10] DEBUG org.hibernate.SQL - select lr1_0.result_id,lr1_0.flag,lr1_0.lab_order_id,lr1_0.reference_range_json,lr1_0.reported_at,lr1_0.reported_by,lr1_0.test_code,lr1_0.units,lr1_0.value from lab_result lr1_0 where lr1_0.lab_order_id=?
2026-06-17 00:03:48.458 [http-nio-8081-exec-6] DEBUG org.hibernate.SQL - select u1_0.user_id,u1_0.created_at,u1_0.email,u1_0.name,u1_0.password,u1_0.phone,u1_0.role,u1_0.status,u1_0.updated_at from users u1_0 where u1_0.user_id=?
2026-06-17 00:03:48.475 [http-nio-8081-exec-10] DEBUG org.hibernate.SQL - select p1_0.patient_id,p1_0.address_json,p1_0.contact_info_json,p1_0.created_at,p1_0.dob,p1_0.gender,p1_0.insurance_id,p1_0.mrn,p1_0.name,p1_0.primary_contact,p1_0.status,p1_0.updated_at,p1_0.version from patients p1_0 where p1_0.patient_id=?
2026-06-17 00:03:48.501 [http-nio-8081-exec-6] INFO  c.H.service.EncounterService - Retrieved 2 encounters
2026-06-17 00:03:48.516 [http-nio-8081-exec-10] DEBUG org.hibernate.SQL - select u1_0.user_id,u1_0.created_at,u1_0.email,u1_0.name,u1_0.password,u1_0.phone,u1_0.role,u1_0.status,u1_0.updated_at from users u1_0 where u1_0.user_id=?
2026-06-17 00:03:48.809 [http-nio-8081-exec-10] DEBUG org.hibernate.SQL - select lr1_0.result_id,lr1_0.flag,lr1_0.lab_order_id,lr1_0.reference_range_json,lr1_0.reported_at,lr1_0.reported_by,lr1_0.test_code,lr1_0.units,lr1_0.value from lab_result lr1_0 where lr1_0.lab_order_id=?
2026-06-17 00:03:48.834 [http-nio-8081-exec-10] DEBUG org.hibernate.SQL - select lr1_0.result_id,lr1_0.flag,lr1_0.lab_order_id,lr1_0.reference_range_json,lr1_0.reported_at,lr1_0.reported_by,lr1_0.test_code,lr1_0.units,lr1_0.value from lab_result lr1_0 where lr1_0.lab_order_id=?
2026-06-17 00:03:48.881 [http-nio-8081-exec-10] INFO  c.H.service.LabOrderService - Retrieved 3 lab orders
2026-06-17 00:03:49.326 [http-nio-8081-exec-7] WARN  o.s.w.s.m.m.a.ExceptionHandlerExceptionResolver - Resolved [org.springframework.security.authorization.AuthorizationDeniedException: Access Denied]
2026-06-17 00:03:49.381 [http-nio-8081-exec-8] DEBUG org.hibernate.SQL - select u1_0.user_id,u1_0.created_at,u1_0.email,u1_0.name,u1_0.password,u1_0.phone,u1_0.role,u1_0.status,u1_0.updated_at from users u1_0 where u1_0.email=?
2026-06-17 00:03:49.473 [http-nio-8081-exec-8] WARN  o.s.w.s.m.m.a.ExceptionHandlerExceptionResolver - Resolved [org.springframework.security.authorization.AuthorizationDeniedException: Access Denied]
2026-06-17 00:03:49.583 [http-nio-8081-exec-3] DEBUG org.hibernate.SQL - select u1_0.user_id,u1_0.created_at,u1_0.email,u1_0.name,u1_0.password,u1_0.phone,u1_0.role,u1_0.status,u1_0.updated_at from users u1_0 where u1_0.email=?
2026-06-17 00:03:49.647 [http-nio-8081-exec-3] WARN  o.s.w.s.m.m.a.ExceptionHandlerExceptionResolver - Resolved [org.springframework.security.authorization.AuthorizationDeniedException: Access Denied]
2026-06-17 00:03:49.699 [http-nio-8081-exec-1] DEBUG org.hibernate.SQL - select u1_0.user_id,u1_0.created_at,u1_0.email,u1_0.name,u1_0.password,u1_0.phone,u1_0.role,u1_0.status,u1_0.updated_at from users u1_0 where u1_0.email=?
2026-06-17 00:03:49.793 [http-nio-8081-exec-1] WARN  o.s.w.s.m.m.a.ExceptionHandlerExceptionResolver - Resolved [org.springframework.security.authorization.AuthorizationDeniedException: Access Denied]
2026-06-17 00:03:49.833 [http-nio-8081-exec-5] DEBUG org.hibernate.SQL - select u1_0.user_id,u1_0.created_at,u1_0.email,u1_0.name,u1_0.password,u1_0.phone,u1_0.role,u1_0.status,u1_0.updated_at from users u1_0 where u1_0.email=?
2026-06-17 00:03:49.937 [http-nio-8081-exec-5] WARN  o.s.w.s.m.m.a.ExceptionHandlerExceptionResolver - Resolved [org.springframework.security.authorization.AuthorizationDeniedException: Access Denied]
2026-06-17 00:03:49.965 [http-nio-8081-exec-4] DEBUG org.hibernate.SQL - select u1_0.user_id,u1_0.created_at,u1_0.email,u1_0.name,u1_0.password,u1_0.phone,u1_0.role,u1_0.status,u1_0.updated_at from users u1_0 where u1_0.email=?
2026-06-17 00:03:50.054 [http-nio-8081-exec-4] WARN  o.s.w.s.m.m.a.ExceptionHandlerExceptionResolver - Resolved [org.springframework.security.authorization.AuthorizationDeniedException: Access Denied]
2026-06-17 00:04:25.571 [http-nio-8081-exec-9] DEBUG org.hibernate.SQL - select u1_0.user_id,u1_0.created_at,u1_0.email,u1_0.name,u1_0.password,u1_0.phone,u1_0.role,u1_0.status,u1_0.updated_at from users u1_0 where u1_0.email=?
2026-06-17 00:04:26.188 [http-nio-8081-exec-9] DEBUG c.H.service.EncounterService - Fetching encounter with ID: 2
2026-06-17 00:04:26.352 [http-nio-8081-exec-9] DEBUG org.hibernate.SQL - select e1_0.encounter_id,e1_0.chief_complaint,e1_0.clinician_id,e1_0.diagnoses_json,e1_0.end_at,e1_0.notes_json,e1_0.orders_json,e1_0.patient_id,e1_0.prescriptions_json,e1_0.signed_at,e1_0.signed_by,e1_0.start_at,e1_0.status,e1_0.visit_type,e1_0.vitals_json from encounters e1_0 where e1_0.encounter_id=?
2026-06-17 00:04:26.420 [http-nio-8081-exec-9] DEBUG org.hibernate.SQL - select p1_0.patient_id,p1_0.address_json,p1_0.contact_info_json,p1_0.created_at,p1_0.dob,p1_0.gender,p1_0.insurance_id,p1_0.mrn,p1_0.name,p1_0.primary_contact,p1_0.status,p1_0.updated_at,p1_0.version from patients p1_0 where p1_0.patient_id=?
2026-06-17 00:04:26.459 [http-nio-8081-exec-9] DEBUG org.hibernate.SQL - select u1_0.user_id,u1_0.created_at,u1_0.email,u1_0.name,u1_0.password,u1_0.phone,u1_0.role,u1_0.status,u1_0.updated_at from users u1_0 where u1_0.user_id=?
2026-06-17 00:04:26.466 [http-nio-8081-exec-9] INFO  c.H.service.EncounterService - Retrieved encounter - ID: 2
2026-06-17 00:04:26.731 [http-nio-8081-exec-6] DEBUG org.hibernate.SQL - select u1_0.user_id,u1_0.created_at,u1_0.email,u1_0.name,u1_0.password,u1_0.phone,u1_0.role,u1_0.status,u1_0.updated_at from users u1_0 where u1_0.email=?
2026-06-17 00:04:26.821 [http-nio-8081-exec-7] DEBUG org.hibernate.SQL - select u1_0.user_id,u1_0.created_at,u1_0.email,u1_0.name,u1_0.password,u1_0.phone,u1_0.role,u1_0.status,u1_0.updated_at from users u1_0 where u1_0.email=?
2026-06-17 00:04:26.832 [http-nio-8081-exec-6] DEBUG c.H.service.EncounterService - Fetching encounter with ID: 2
2026-06-17 00:04:26.834 [http-nio-8081-exec-6] DEBUG org.hibernate.SQL - select e1_0.encounter_id,e1_0.chief_complaint,e1_0.clinician_id,e1_0.diagnoses_json,e1_0.end_at,e1_0.notes_json,e1_0.orders_json,e1_0.patient_id,e1_0.prescriptions_json,e1_0.signed_at,e1_0.signed_by,e1_0.start_at,e1_0.status,e1_0.visit_type,e1_0.vitals_json from encounters e1_0 where e1_0.encounter_id=?
2026-06-17 00:04:26.844 [http-nio-8081-exec-6] DEBUG org.hibernate.SQL - select p1_0.patient_id,p1_0.address_json,p1_0.contact_info_json,p1_0.created_at,p1_0.dob,p1_0.gender,p1_0.insurance_id,p1_0.mrn,p1_0.name,p1_0.primary_contact,p1_0.status,p1_0.updated_at,p1_0.version from patients p1_0 where p1_0.patient_id=?
2026-06-17 00:04:26.853 [http-nio-8081-exec-6] DEBUG org.hibernate.SQL - select u1_0.user_id,u1_0.created_at,u1_0.email,u1_0.name,u1_0.password,u1_0.phone,u1_0.role,u1_0.status,u1_0.updated_at from users u1_0 where u1_0.user_id=?
2026-06-17 00:04:26.860 [http-nio-8081-exec-6] INFO  c.H.service.EncounterService - Retrieved encounter - ID: 2
2026-06-17 00:04:26.988 [http-nio-8081-exec-7] DEBUG c.H.service.PatientService - Fetching patient with ID: 1
2026-06-17 00:04:26.989 [http-nio-8081-exec-7] DEBUG c.H.service.PatientService - Looking up patient by ID: 1
2026-06-17 00:04:27.004 [http-nio-8081-exec-7] DEBUG org.hibernate.SQL - select p1_0.patient_id,p1_0.address_json,p1_0.contact_info_json,p1_0.created_at,p1_0.dob,p1_0.gender,p1_0.insurance_id,p1_0.mrn,p1_0.name,p1_0.primary_contact,p1_0.status,p1_0.updated_at,p1_0.version from patients p1_0 where p1_0.patient_id=?
2026-06-17 00:04:27.011 [http-nio-8081-exec-7] DEBUG c.H.service.PatientService - Found patient - ID: 1, MRN: MRN-138F61D4
2026-06-17 00:04:27.013 [http-nio-8081-exec-7] INFO  c.H.service.PatientService - Retrieved patient - ID: 1, MRN: MRN-138F61D4
2026-06-17 00:04:27.094 [http-nio-8081-exec-7] DEBUG org.hibernate.SQL - select u1_0.user_id,u1_0.created_at,u1_0.email,u1_0.name,u1_0.password,u1_0.phone,u1_0.role,u1_0.status,u1_0.updated_at from users u1_0 where u1_0.email=?
2026-06-17 00:04:27.117 [http-nio-8081-exec-3] DEBUG org.hibernate.SQL - select u1_0.user_id,u1_0.created_at,u1_0.email,u1_0.name,u1_0.password,u1_0.phone,u1_0.role,u1_0.status,u1_0.updated_at from users u1_0 where u1_0.email=?
2026-06-17 00:04:27.167 [http-nio-8081-exec-7] DEBUG c.H.service.PatientService - Fetching patient with ID: 1
2026-06-17 00:04:27.168 [http-nio-8081-exec-7] DEBUG c.H.service.PatientService - Looking up patient by ID: 1
2026-06-17 00:04:27.173 [http-nio-8081-exec-7] DEBUG org.hibernate.SQL - select p1_0.patient_id,p1_0.address_json,p1_0.contact_info_json,p1_0.created_at,p1_0.dob,p1_0.gender,p1_0.insurance_id,p1_0.mrn,p1_0.name,p1_0.primary_contact,p1_0.status,p1_0.updated_at,p1_0.version from patients p1_0 where p1_0.patient_id=?
2026-06-17 00:04:27.176 [http-nio-8081-exec-3] DEBUG org.hibernate.SQL - select u1_0.user_id,u1_0.created_at,u1_0.email,u1_0.name,u1_0.password,u1_0.phone,u1_0.role,u1_0.status,u1_0.updated_at from users u1_0 where u1_0.email=?
2026-06-17 00:04:27.190 [http-nio-8081-exec-7] DEBUG c.H.service.PatientService - Found patient - ID: 1, MRN: MRN-138F61D4
2026-06-17 00:04:27.191 [http-nio-8081-exec-7] INFO  c.H.service.PatientService - Retrieved patient - ID: 1, MRN: MRN-138F61D4
2026-06-17 00:04:27.193 [http-nio-8081-exec-3] DEBUG c.H.service.LabOrderService - Fetching all lab orders
2026-06-17 00:04:27.951 [http-nio-8081-exec-3] DEBUG org.hibernate.SQL - select lo1_0.lab_order_id,lo1_0.collected_at,lo1_0.encounter_id,lo1_0.ordered_by_fk,lo1_0.patient_id,lo1_0.result_uri,lo1_0.sample_id,lo1_0.status,lo1_0.tests_json from lab_order lo1_0
2026-06-17 00:04:28.115 [http-nio-8081-exec-3] DEBUG org.hibernate.SQL - select lr1_0.result_id,lr1_0.flag,lr1_0.lab_order_id,lr1_0.reference_range_json,lr1_0.reported_at,lr1_0.reported_by,lr1_0.test_code,lr1_0.units,lr1_0.value from lab_result lr1_0 where lr1_0.lab_order_id=?
2026-06-17 00:04:28.209 [http-nio-8081-exec-3] DEBUG org.hibernate.SQL - select p1_0.patient_id,p1_0.address_json,p1_0.contact_info_json,p1_0.created_at,p1_0.dob,p1_0.gender,p1_0.insurance_id,p1_0.mrn,p1_0.name,p1_0.primary_contact,p1_0.status,p1_0.updated_at,p1_0.version from patients p1_0 where p1_0.patient_id=?
2026-06-17 00:04:28.347 [http-nio-8081-exec-3] DEBUG org.hibernate.SQL - select lr1_0.result_id,lr1_0.flag,lr1_0.lab_order_id,lr1_0.reference_range_json,lr1_0.reported_at,lr1_0.reported_by,lr1_0.test_code,lr1_0.units,lr1_0.value from lab_result lr1_0 where lr1_0.lab_order_id=?
2026-06-17 00:04:28.415 [http-nio-8081-exec-3] DEBUG org.hibernate.SQL - select lr1_0.result_id,lr1_0.flag,lr1_0.lab_order_id,lr1_0.reference_range_json,lr1_0.reported_at,lr1_0.reported_by,lr1_0.test_code,lr1_0.units,lr1_0.value from lab_result lr1_0 where lr1_0.lab_order_id=?
2026-06-17 00:04:28.523 [http-nio-8081-exec-3] INFO  c.H.service.LabOrderService - Retrieved 3 lab orders
2026-06-17 00:04:29.964 [http-nio-8081-exec-1] DEBUG org.hibernate.SQL - select u1_0.user_id,u1_0.created_at,u1_0.email,u1_0.name,u1_0.password,u1_0.phone,u1_0.role,u1_0.status,u1_0.updated_at from users u1_0 where u1_0.email=?
2026-06-17 00:04:29.972 [http-nio-8081-exec-5] DEBUG org.hibernate.SQL - select u1_0.user_id,u1_0.created_at,u1_0.email,u1_0.name,u1_0.password,u1_0.phone,u1_0.role,u1_0.status,u1_0.updated_at from users u1_0 where u1_0.email=?
2026-06-17 00:04:30.071 [http-nio-8081-exec-1] DEBUG org.hibernate.SQL - select u1_0.user_id,u1_0.created_at,u1_0.email,u1_0.name,u1_0.password,u1_0.phone,u1_0.role,u1_0.status,u1_0.updated_at from users u1_0 where u1_0.email=?
2026-06-17 00:04:30.109 [http-nio-8081-exec-1] DEBUG c.H.service.LabOrderService - Fetching all lab orders
2026-06-17 00:04:30.116 [http-nio-8081-exec-5] DEBUG c.H.service.PrescriptionService - Fetching all prescriptions
2026-06-17 00:04:30.330 [http-nio-8081-exec-1] DEBUG org.hibernate.SQL - select lo1_0.lab_order_id,lo1_0.collected_at,lo1_0.encounter_id,lo1_0.ordered_by_fk,lo1_0.patient_id,lo1_0.result_uri,lo1_0.sample_id,lo1_0.status,lo1_0.tests_json from lab_order lo1_0
2026-06-17 00:04:30.361 [http-nio-8081-exec-5] DEBUG org.hibernate.SQL - select p1_0.rx_id,p1_0.clinician_id,p1_0.dosage,p1_0.duration_days,p1_0.encounter_id,p1_0.frequency,p1_0.issued_at,p1_0.med_id,p1_0.notes,p1_0.patient_id,p1_0.quantity,p1_0.repeats,p1_0.route,p1_0.status from prescriptions p1_0
2026-06-17 00:04:30.366 [http-nio-8081-exec-1] DEBUG org.hibernate.SQL - select lr1_0.result_id,lr1_0.flag,lr1_0.lab_order_id,lr1_0.reference_range_json,lr1_0.reported_at,lr1_0.reported_by,lr1_0.test_code,lr1_0.units,lr1_0.value from lab_result lr1_0 where lr1_0.lab_order_id=?
2026-06-17 00:04:30.381 [http-nio-8081-exec-1] DEBUG org.hibernate.SQL - select p1_0.patient_id,p1_0.address_json,p1_0.contact_info_json,p1_0.created_at,p1_0.dob,p1_0.gender,p1_0.insurance_id,p1_0.mrn,p1_0.name,p1_0.primary_contact,p1_0.status,p1_0.updated_at,p1_0.version from patients p1_0 where p1_0.patient_id=?
2026-06-17 00:04:30.417 [http-nio-8081-exec-1] DEBUG org.hibernate.SQL - select lr1_0.result_id,lr1_0.flag,lr1_0.lab_order_id,lr1_0.reference_range_json,lr1_0.reported_at,lr1_0.reported_by,lr1_0.test_code,lr1_0.units,lr1_0.value from lab_result lr1_0 where lr1_0.lab_order_id=?
2026-06-17 00:04:30.453 [http-nio-8081-exec-1] DEBUG org.hibernate.SQL - select lr1_0.result_id,lr1_0.flag,lr1_0.lab_order_id,lr1_0.reference_range_json,lr1_0.reported_at,lr1_0.reported_by,lr1_0.test_code,lr1_0.units,lr1_0.value from lab_result lr1_0 where lr1_0.lab_order_id=?
2026-06-17 00:04:30.466 [http-nio-8081-exec-1] INFO  c.H.service.LabOrderService - Retrieved 3 lab orders
2026-06-17 00:04:31.458 [http-nio-8081-exec-4] DEBUG org.hibernate.SQL - select u1_0.user_id,u1_0.created_at,u1_0.email,u1_0.name,u1_0.password,u1_0.phone,u1_0.role,u1_0.status,u1_0.updated_at from users u1_0 where u1_0.email=?
2026-06-17 00:04:31.545 [http-nio-8081-exec-4] DEBUG c.H.service.PrescriptionService - Fetching all prescriptions
2026-06-17 00:04:31.625 [http-nio-8081-exec-4] DEBUG org.hibernate.SQL - select p1_0.rx_id,p1_0.clinician_id,p1_0.dosage,p1_0.duration_days,p1_0.encounter_id,p1_0.frequency,p1_0.issued_at,p1_0.med_id,p1_0.notes,p1_0.patient_id,p1_0.quantity,p1_0.repeats,p1_0.route,p1_0.status from prescriptions p1_0
2026-06-17 00:06:08.107 [http-nio-8081-exec-5] DEBUG org.hibernate.SQL - select u1_0.user_id,u1_0.created_at,u1_0.email,u1_0.name,u1_0.password,u1_0.phone,u1_0.role,u1_0.status,u1_0.updated_at from users u1_0 where u1_0.email=?
2026-06-17 00:06:09.876 [http-nio-8081-exec-5] WARN  o.s.w.s.m.m.a.ExceptionHandlerExceptionResolver - Resolved [org.springframework.security.authorization.AuthorizationDeniedException: Access Denied]
2026-06-17 00:06:10.051 [http-nio-8081-exec-4] DEBUG org.hibernate.SQL - select u1_0.user_id,u1_0.created_at,u1_0.email,u1_0.name,u1_0.password,u1_0.phone,u1_0.role,u1_0.status,u1_0.updated_at from users u1_0 where u1_0.email=?
2026-06-17 00:06:10.191 [http-nio-8081-exec-4] WARN  o.s.w.s.m.m.a.ExceptionHandlerExceptionResolver - Resolved [org.springframework.security.authorization.AuthorizationDeniedException: Access Denied]
2026-06-17 00:06:10.546 [http-nio-8081-exec-4] DEBUG org.hibernate.SQL - select u1_0.user_id,u1_0.created_at,u1_0.email,u1_0.name,u1_0.password,u1_0.phone,u1_0.role,u1_0.status,u1_0.updated_at from users u1_0 where u1_0.email=?
2026-06-17 00:06:10.805 [http-nio-8081-exec-4] WARN  o.s.w.s.m.m.a.ExceptionHandlerExceptionResolver - Resolved [org.springframework.security.authorization.AuthorizationDeniedException: Access Denied]
2026-06-17 00:06:10.974 [http-nio-8081-exec-9] DEBUG org.hibernate.SQL - select u1_0.user_id,u1_0.created_at,u1_0.email,u1_0.name,u1_0.password,u1_0.phone,u1_0.role,u1_0.status,u1_0.updated_at from users u1_0 where u1_0.email=?
2026-06-17 00:06:11.186 [http-nio-8081-exec-9] WARN  o.s.w.s.m.m.a.ExceptionHandlerExceptionResolver - Resolved [org.springframework.security.authorization.AuthorizationDeniedException: Access Denied]
2026-06-17 00:06:11.227 [http-nio-8081-exec-7] DEBUG org.hibernate.SQL - select u1_0.user_id,u1_0.created_at,u1_0.email,u1_0.name,u1_0.password,u1_0.phone,u1_0.role,u1_0.status,u1_0.updated_at from users u1_0 where u1_0.email=?
2026-06-17 00:06:11.377 [http-nio-8081-exec-7] WARN  o.s.w.s.m.m.a.ExceptionHandlerExceptionResolver - Resolved [org.springframework.security.authorization.AuthorizationDeniedException: Access Denied]
2026-06-17 00:06:11.465 [http-nio-8081-exec-3] DEBUG org.hibernate.SQL - select u1_0.user_id,u1_0.created_at,u1_0.email,u1_0.name,u1_0.password,u1_0.phone,u1_0.role,u1_0.status,u1_0.updated_at from users u1_0 where u1_0.email=?
2026-06-17 00:06:11.519 [http-nio-8081-exec-3] WARN  o.s.w.s.m.m.a.ExceptionHandlerExceptionResolver - Resolved [org.springframework.security.authorization.AuthorizationDeniedException: Access Denied]
2026-06-17 00:07:15.381 [http-nio-8081-exec-8] DEBUG org.hibernate.SQL - select u1_0.user_id,u1_0.created_at,u1_0.email,u1_0.name,u1_0.password,u1_0.phone,u1_0.role,u1_0.status,u1_0.updated_at from users u1_0 where u1_0.email=?
2026-06-17 00:07:18.024 [http-nio-8081-exec-8] INFO  c.H.service.LabOrderService - Collecting sample for lab order - ID: 3
2026-06-17 00:07:18.029 [http-nio-8081-exec-8] DEBUG c.H.service.LabOrderService - Looking up lab order by ID: 3
2026-06-17 00:07:18.229 [http-nio-8081-exec-8] DEBUG org.hibernate.SQL - select lo1_0.lab_order_id,lo1_0.collected_at,lo1_0.encounter_id,lo1_0.ordered_by_fk,lo1_0.patient_id,lo1_0.result_uri,lo1_0.sample_id,lo1_0.status,lo1_0.tests_json from lab_order lo1_0 where lo1_0.lab_order_id=?
2026-06-17 00:07:18.398 [http-nio-8081-exec-8] DEBUG c.H.service.LabOrderService - Found lab order - ID: 3, Status: ORDERED
2026-06-17 00:07:18.607 [http-nio-8081-exec-8] INFO  c.H.service.LabOrderService - Successfully collected sample for lab order - ID: 3
2026-06-17 00:07:18.865 [http-nio-8081-exec-8] DEBUG org.hibernate.SQL - select lr1_0.result_id,lr1_0.flag,lr1_0.lab_order_id,lr1_0.reference_range_json,lr1_0.reported_at,lr1_0.reported_by,lr1_0.test_code,lr1_0.units,lr1_0.value from lab_result lr1_0 where lr1_0.lab_order_id=?
2026-06-17 00:07:18.899 [http-nio-8081-exec-8] DEBUG org.hibernate.SQL - select p1_0.patient_id,p1_0.address_json,p1_0.contact_info_json,p1_0.created_at,p1_0.dob,p1_0.gender,p1_0.insurance_id,p1_0.mrn,p1_0.name,p1_0.primary_contact,p1_0.status,p1_0.updated_at,p1_0.version from patients p1_0 where p1_0.patient_id=?
2026-06-17 00:07:18.978 [http-nio-8081-exec-8] DEBUG org.hibernate.SQL - select u1_0.user_id,u1_0.created_at,u1_0.email,u1_0.name,u1_0.password,u1_0.phone,u1_0.role,u1_0.status,u1_0.updated_at from users u1_0 where u1_0.user_id=?
2026-06-17 00:07:19.703 [http-nio-8081-exec-8] DEBUG org.hibernate.SQL - update lab_order set collected_at=?,encounter_id=?,ordered_by_fk=?,patient_id=?,result_uri=?,sample_id=?,status=?,tests_json=? where lab_order_id=?
2026-06-17 00:07:20.383 [http-nio-8081-exec-1] DEBUG org.hibernate.SQL - select u1_0.user_id,u1_0.created_at,u1_0.email,u1_0.name,u1_0.password,u1_0.phone,u1_0.role,u1_0.status,u1_0.updated_at from users u1_0 where u1_0.email=?
2026-06-17 00:07:20.433 [http-nio-8081-exec-1] DEBUG org.hibernate.SQL - select u1_0.user_id,u1_0.created_at,u1_0.email,u1_0.name,u1_0.password,u1_0.phone,u1_0.role,u1_0.status,u1_0.updated_at from users u1_0 where u1_0.email=?
2026-06-17 00:07:20.455 [http-nio-8081-exec-1] DEBUG c.H.service.LabOrderService - Fetching all lab orders
2026-06-17 00:07:20.779 [http-nio-8081-exec-1] DEBUG org.hibernate.SQL - select lo1_0.lab_order_id,lo1_0.collected_at,lo1_0.encounter_id,lo1_0.ordered_by_fk,lo1_0.patient_id,lo1_0.result_uri,lo1_0.sample_id,lo1_0.status,lo1_0.tests_json from lab_order lo1_0
2026-06-17 00:07:20.812 [http-nio-8081-exec-1] DEBUG org.hibernate.SQL - select lr1_0.result_id,lr1_0.flag,lr1_0.lab_order_id,lr1_0.reference_range_json,lr1_0.reported_at,lr1_0.reported_by,lr1_0.test_code,lr1_0.units,lr1_0.value from lab_result lr1_0 where lr1_0.lab_order_id=?
2026-06-17 00:07:20.823 [http-nio-8081-exec-1] DEBUG org.hibernate.SQL - select p1_0.patient_id,p1_0.address_json,p1_0.contact_info_json,p1_0.created_at,p1_0.dob,p1_0.gender,p1_0.insurance_id,p1_0.mrn,p1_0.name,p1_0.primary_contact,p1_0.status,p1_0.updated_at,p1_0.version from patients p1_0 where p1_0.patient_id=?
2026-06-17 00:07:20.829 [http-nio-8081-exec-1] DEBUG org.hibernate.SQL - select u1_0.user_id,u1_0.created_at,u1_0.email,u1_0.name,u1_0.password,u1_0.phone,u1_0.role,u1_0.status,u1_0.updated_at from users u1_0 where u1_0.user_id=?
2026-06-17 00:07:20.839 [http-nio-8081-exec-1] DEBUG org.hibernate.SQL - select lr1_0.result_id,lr1_0.flag,lr1_0.lab_order_id,lr1_0.reference_range_json,lr1_0.reported_at,lr1_0.reported_by,lr1_0.test_code,lr1_0.units,lr1_0.value from lab_result lr1_0 where lr1_0.lab_order_id=?
2026-06-17 00:07:20.839 [http-nio-8081-exec-1] DEBUG org.hibernate.SQL - select lr1_0.result_id,lr1_0.flag,lr1_0.lab_order_id,lr1_0.reference_range_json,lr1_0.reported_at,lr1_0.reported_by,lr1_0.test_code,lr1_0.units,lr1_0.value from lab_result lr1_0 where lr1_0.lab_order_id=?
2026-06-17 00:07:20.858 [http-nio-8081-exec-1] INFO  c.H.service.LabOrderService - Retrieved 3 lab orders
2026-06-17 00:07:21.087 [http-nio-8081-exec-10] DEBUG org.hibernate.SQL - select u1_0.user_id,u1_0.created_at,u1_0.email,u1_0.name,u1_0.password,u1_0.phone,u1_0.role,u1_0.status,u1_0.updated_at from users u1_0 where u1_0.email=?
2026-06-17 00:07:21.340 [http-nio-8081-exec-10] WARN  o.s.w.s.m.m.a.ExceptionHandlerExceptionResolver - Resolved [org.springframework.security.authorization.AuthorizationDeniedException: Access Denied]
2026-06-17 00:07:21.355 [http-nio-8081-exec-8] DEBUG org.hibernate.SQL - select u1_0.user_id,u1_0.created_at,u1_0.email,u1_0.name,u1_0.password,u1_0.phone,u1_0.role,u1_0.status,u1_0.updated_at from users u1_0 where u1_0.email=?
2026-06-17 00:07:21.412 [http-nio-8081-exec-8] WARN  o.s.w.s.m.m.a.ExceptionHandlerExceptionResolver - Resolved [org.springframework.security.authorization.AuthorizationDeniedException: Access Denied]
2026-06-17 00:07:21.440 [http-nio-8081-exec-8] DEBUG org.hibernate.SQL - select u1_0.user_id,u1_0.created_at,u1_0.email,u1_0.name,u1_0.password,u1_0.phone,u1_0.role,u1_0.status,u1_0.updated_at from users u1_0 where u1_0.email=?
2026-06-17 00:07:21.489 [http-nio-8081-exec-8] WARN  o.s.w.s.m.m.a.ExceptionHandlerExceptionResolver - Resolved [org.springframework.security.authorization.AuthorizationDeniedException: Access Denied]
2026-06-17 00:07:21.511 [http-nio-8081-exec-1] DEBUG org.hibernate.SQL - select u1_0.user_id,u1_0.created_at,u1_0.email,u1_0.name,u1_0.password,u1_0.phone,u1_0.role,u1_0.status,u1_0.updated_at from users u1_0 where u1_0.email=?
2026-06-17 00:07:21.575 [http-nio-8081-exec-1] WARN  o.s.w.s.m.m.a.ExceptionHandlerExceptionResolver - Resolved [org.springframework.security.authorization.AuthorizationDeniedException: Access Denied]
2026-06-17 00:07:21.605 [http-nio-8081-exec-4] DEBUG org.hibernate.SQL - select u1_0.user_id,u1_0.created_at,u1_0.email,u1_0.name,u1_0.password,u1_0.phone,u1_0.role,u1_0.status,u1_0.updated_at from users u1_0 where u1_0.email=?
2026-06-17 00:07:21.681 [http-nio-8081-exec-4] WARN  o.s.w.s.m.m.a.ExceptionHandlerExceptionResolver - Resolved [org.springframework.security.authorization.AuthorizationDeniedException: Access Denied]
2026-06-17 00:07:21.721 [http-nio-8081-exec-5] DEBUG org.hibernate.SQL - select u1_0.user_id,u1_0.created_at,u1_0.email,u1_0.name,u1_0.password,u1_0.phone,u1_0.role,u1_0.status,u1_0.updated_at from users u1_0 where u1_0.email=?
2026-06-17 00:07:21.803 [http-nio-8081-exec-5] WARN  o.s.w.s.m.m.a.ExceptionHandlerExceptionResolver - Resolved [org.springframework.security.authorization.AuthorizationDeniedException: Access Denied]
2026-06-17 00:07:39.263 [http-nio-8081-exec-7] DEBUG org.hibernate.SQL - select u1_0.user_id,u1_0.created_at,u1_0.email,u1_0.name,u1_0.password,u1_0.phone,u1_0.role,u1_0.status,u1_0.updated_at from users u1_0 where u1_0.email=?
2026-06-17 00:07:39.469 [http-nio-8081-exec-7] DEBUG c.H.service.LabOrderService - Fetching lab order by ID: 3
2026-06-17 00:07:39.479 [http-nio-8081-exec-7] DEBUG c.H.service.LabOrderService - Looking up lab order by ID: 3
2026-06-17 00:07:39.484 [http-nio-8081-exec-7] DEBUG org.hibernate.SQL - select lo1_0.lab_order_id,lo1_0.collected_at,lo1_0.encounter_id,lo1_0.ordered_by_fk,lo1_0.patient_id,lo1_0.result_uri,lo1_0.sample_id,lo1_0.status,lo1_0.tests_json from lab_order lo1_0 where lo1_0.lab_order_id=?
2026-06-17 00:07:39.499 [http-nio-8081-exec-7] DEBUG c.H.service.LabOrderService - Found lab order - ID: 3, Status: COLLECTED
2026-06-17 00:07:39.511 [http-nio-8081-exec-7] DEBUG org.hibernate.SQL - select lr1_0.result_id,lr1_0.flag,lr1_0.lab_order_id,lr1_0.reference_range_json,lr1_0.reported_at,lr1_0.reported_by,lr1_0.test_code,lr1_0.units,lr1_0.value from lab_result lr1_0 where lr1_0.lab_order_id=?
2026-06-17 00:07:39.529 [http-nio-8081-exec-7] DEBUG org.hibernate.SQL - select p1_0.patient_id,p1_0.address_json,p1_0.contact_info_json,p1_0.created_at,p1_0.dob,p1_0.gender,p1_0.insurance_id,p1_0.mrn,p1_0.name,p1_0.primary_contact,p1_0.status,p1_0.updated_at,p1_0.version from patients p1_0 where p1_0.patient_id=?
2026-06-17 00:07:39.539 [http-nio-8081-exec-7] DEBUG org.hibernate.SQL - select u1_0.user_id,u1_0.created_at,u1_0.email,u1_0.name,u1_0.password,u1_0.phone,u1_0.role,u1_0.status,u1_0.updated_at from users u1_0 where u1_0.user_id=?
2026-06-17 00:07:39.559 [http-nio-8081-exec-7] INFO  c.H.service.LabOrderService - Retrieved lab order - ID: 3, Status: COLLECTED
2026-06-17 00:07:39.571 [http-nio-8081-exec-7] DEBUG org.hibernate.SQL - select u1_0.user_id,u1_0.created_at,u1_0.email,u1_0.name,u1_0.password,u1_0.phone,u1_0.role,u1_0.status,u1_0.updated_at from users u1_0 where u1_0.email=?
2026-06-17 00:07:39.744 [http-nio-8081-exec-3] DEBUG org.hibernate.SQL - select u1_0.user_id,u1_0.created_at,u1_0.email,u1_0.name,u1_0.password,u1_0.phone,u1_0.role,u1_0.status,u1_0.updated_at from users u1_0 where u1_0.email=?
2026-06-17 00:07:39.889 [http-nio-8081-exec-6] DEBUG org.hibernate.SQL - select u1_0.user_id,u1_0.created_at,u1_0.email,u1_0.name,u1_0.password,u1_0.phone,u1_0.role,u1_0.status,u1_0.updated_at from users u1_0 where u1_0.email=?
2026-06-17 00:07:39.895 [http-nio-8081-exec-3] DEBUG c.H.service.LabOrderService - Fetching lab order by ID: 3
2026-06-17 00:07:39.895 [http-nio-8081-exec-3] DEBUG c.H.service.LabOrderService - Looking up lab order by ID: 3
2026-06-17 00:07:39.899 [http-nio-8081-exec-3] DEBUG org.hibernate.SQL - select lo1_0.lab_order_id,lo1_0.collected_at,lo1_0.encounter_id,lo1_0.ordered_by_fk,lo1_0.patient_id,lo1_0.result_uri,lo1_0.sample_id,lo1_0.status,lo1_0.tests_json from lab_order lo1_0 where lo1_0.lab_order_id=?
2026-06-17 00:07:39.907 [http-nio-8081-exec-3] DEBUG c.H.service.LabOrderService - Found lab order - ID: 3, Status: COLLECTED
2026-06-17 00:07:39.916 [http-nio-8081-exec-3] DEBUG org.hibernate.SQL - select lr1_0.result_id,lr1_0.flag,lr1_0.lab_order_id,lr1_0.reference_range_json,lr1_0.reported_at,lr1_0.reported_by,lr1_0.test_code,lr1_0.units,lr1_0.value from lab_result lr1_0 where lr1_0.lab_order_id=?
2026-06-17 00:07:39.923 [http-nio-8081-exec-3] DEBUG org.hibernate.SQL - select p1_0.patient_id,p1_0.address_json,p1_0.contact_info_json,p1_0.created_at,p1_0.dob,p1_0.gender,p1_0.insurance_id,p1_0.mrn,p1_0.name,p1_0.primary_contact,p1_0.status,p1_0.updated_at,p1_0.version from patients p1_0 where p1_0.patient_id=?
2026-06-17 00:07:40.113 [http-nio-8081-exec-3] DEBUG org.hibernate.SQL - select u1_0.user_id,u1_0.created_at,u1_0.email,u1_0.name,u1_0.password,u1_0.phone,u1_0.role,u1_0.status,u1_0.updated_at from users u1_0 where u1_0.user_id=?
2026-06-17 00:07:40.185 [http-nio-8081-exec-3] INFO  c.H.service.LabOrderService - Retrieved lab order - ID: 3, Status: COLLECTED
2026-06-17 00:07:40.202 [http-nio-8081-exec-3] DEBUG org.hibernate.SQL - select u1_0.user_id,u1_0.created_at,u1_0.email,u1_0.name,u1_0.password,u1_0.phone,u1_0.role,u1_0.status,u1_0.updated_at from users u1_0 where u1_0.email=?
2026-06-17 00:07:40.237 [http-nio-8081-exec-6] WARN  o.s.w.s.m.m.a.ExceptionHandlerExceptionResolver - Resolved [org.springframework.security.authorization.AuthorizationDeniedException: Access Denied]
2026-06-17 00:07:40.293 [http-nio-8081-exec-8] DEBUG org.hibernate.SQL - select u1_0.user_id,u1_0.created_at,u1_0.email,u1_0.name,u1_0.password,u1_0.phone,u1_0.role,u1_0.status,u1_0.updated_at from users u1_0 where u1_0.email=?
2026-06-17 00:07:40.372 [http-nio-8081-exec-8] WARN  o.s.w.s.m.m.a.ExceptionHandlerExceptionResolver - Resolved [org.springframework.security.authorization.AuthorizationDeniedException: Access Denied]
