2026-06-08 00:33:18.656 [http-nio-8081-exec-7] INFO  c.H.service.AuthService - Attempting authentication for user with email: admin@clinicflow.com
2026-06-08 00:33:23.761 [http-nio-8081-exec-7] WARN  c.H.service.AuthService - Authentication failed: Invalid credentials for email: admin@clinicflow.com
2026-06-08 00:33:44.188 [http-nio-8081-exec-1] INFO  c.H.service.AuthService - Attempting authentication for user with email: admin@clinicflow.com
2026-06-08 00:33:44.934 [http-nio-8081-exec-1] WARN  c.H.service.AuthService - Authentication failed: Invalid credentials for email: admin@clinicflow.com
2026-06-08 00:33:55.055 [http-nio-8081-exec-4] INFO  c.H.service.AuthService - Attempting authentication for user with email: admin@clinicflow.com
2026-06-08 00:33:55.600 [http-nio-8081-exec-4] WARN  c.H.service.AuthService - Authentication failed: Invalid credentials for email: admin@clinicflow.com
2026-06-08 00:40:03.409 [http-nio-8081-exec-5] INFO  c.H.service.AuthService - Attempting authentication for user with email: admin@clinicflow.com
2026-06-08 00:40:04.107 [http-nio-8081-exec-5] WARN  c.H.service.AuthService - Authentication failed: Invalid credentials for email: admin@clinicflow.com
2026-06-08 00:42:34.561 [http-nio-8081-exec-8] INFO  c.H.service.AuthService - Attempting authentication for user with email: admin1@clinicflow.com
2026-06-08 00:42:35.274 [http-nio-8081-exec-8] WARN  c.H.service.AuthService - Authentication failed: Invalid credentials for email: admin1@clinicflow.com
2026-06-08 00:45:56.389 [http-nio-8081-exec-9] INFO  c.H.service.AuthService - Attempting authentication for user with email: admin@clinicflow.com
2026-06-08 00:45:58.713 [http-nio-8081-exec-9] INFO  c.H.service.AuthService - User authenticated successfully - Email: admin@clinicflow.com, Role: ADMIN
2026-06-08 00:53:05.652 [http-nio-8081-exec-4] INFO  c.H.service.AuthService - Attempting authentication for user with email: admin@clinicflow.com
2026-06-08 00:53:07.001 [http-nio-8081-exec-4] INFO  c.H.service.AuthService - User authenticated successfully - Email: admin@clinicflow.com, Role: ADMIN
2026-06-11 01:24:05.094 [restartedMain] DEBUG c.H.config.AuthenticationFilter - Filter 'authenticationFilter' configured for use
2026-06-11 01:24:08.257 [restartedMain] DEBUG c.H.config.AuthenticationFilter - Filter 'authenticationFilter' configured for use
2026-06-11 01:24:10.473 [restartedMain] DEBUG c.H.config.AuthenticationFilter - Filter 'authenticationFilter' configured for use
2026-06-11 01:24:12.383 [restartedMain] DEBUG c.H.config.AuthenticationFilter - Filter 'authenticationFilter' configured for use
2026-06-11 01:28:49.941 [restartedMain] DEBUG c.H.config.AuthenticationFilter - Filter 'authenticationFilter' configured for use
2026-06-11 01:40:30.323 [http-nio-8081-exec-4] INFO  c.H.service.AuthService - Attempting authentication for user with email: admin@clinicflow.com
2026-06-11 01:42:29.156 [http-nio-8081-exec-8] INFO  c.H.service.AuthService - Attempting authentication for user with email: admin@clinicflow.com
2026-06-11 01:42:46.280 [http-nio-8081-exec-4] INFO  c.H.service.AuthService - User authenticated successfully - Email: admin@clinicflow.com, Role: ADMIN
2026-06-11 01:42:46.280 [http-nio-8081-exec-8] INFO  c.H.service.AuthService - User authenticated successfully - Email: admin@clinicflow.com, Role: ADMIN
2026-06-11 01:58:38.512 [restartedMain] DEBUG c.H.config.AuthenticationFilter - Filter 'authenticationFilter' configured for use
2026-06-11 02:07:15.743 [restartedMain] DEBUG c.H.config.AuthenticationFilter - Filter 'authenticationFilter' configured for use
2026-06-11 02:22:33.807 [restartedMain] DEBUG c.H.config.AuthenticationFilter - Filter 'authenticationFilter' configured for use
2026-06-11 02:27:14.505 [restartedMain] DEBUG c.H.config.AuthenticationFilter - Filter 'authenticationFilter' configured for use
2026-06-11 22:51:42.017 [restartedMain] DEBUG c.H.config.AuthenticationFilter - Filter 'authenticationFilter' configured for use
2026-06-11 23:08:36.528 [http-nio-8081-exec-5] INFO  c.H.service.AuthService - Attempting to register new user with email: sivani@gmail.com
